<?xml version="1.0" encoding="UTF-8" standalone="no"?><!DOCTYPE report PUBLIC "-//JACOCO//DTD Report 1.1//EN" "report.dtd"><report name="Pester (11/10/2019 09:34:39)"><sessioninfo id="this" start="1573378419142" dump="1573378479804" /><package name="lib/private"><class name="lib/private/Assert-LabValidConfigurationXMLSchema" sourcefilename="Assert-LabValidConfigurationXMLSchema.ps1"><method name="Assert-LabValidConfigurationXMLSchema" desc="()" line="31"><counter type="INSTRUCTION" missed="17" covered="13" /><counter type="LINE" missed="14" covered="13" /><counter type="METHOD" missed="0" covered="1" /></method><counter type="INSTRUCTION" missed="17" covered="13" /><counter type="LINE" missed="14" covered="13" /><counter type="METHOD" missed="0" covered="1" /><counter type="CLASS" missed="0" covered="1" /></class><class name="lib/private/Assert-LabValidIpAddress" sourcefilename="Assert-LabValidIpAddress.ps1"><method name="Assert-LabValidIpAddress" desc="()" line="30"><counter type="INSTRUCTION" missed="0" covered="9" /><counter type="LINE" missed="0" covered="8" /><counter type="METHOD" missed="0" covered="1" /></method><counter type="INSTRUCTION" missed="0" covered="9" /><counter type="LINE" missed="0" covered="8" /><counter type="METHOD" missed="0" covered="1" /><counter type="CLASS" missed="0" covered="1" /></class><class name="lib/private/ConvertTo-LabAbsolutePath" sourcefilename="ConvertTo-LabAbsolutePath.ps1"><method name="ConvertTo-LabAbsolutePath" desc="()" line="29"><counter type="INSTRUCTION" missed="0" covered="3" /><counter type="LINE" missed="0" covered="3" /><counter type="METHOD" missed="0" covered="1" /></method><counter type="INSTRUCTION" missed="0" covered="3" /><counter type="LINE" missed="0" covered="3" /><counter type="METHOD" missed="0" covered="1" /><counter type="CLASS" missed="0" covered="1" /></class><class name="lib/private/Copy-LabOdjFile" sourcefilename="Copy-LabOdjFile.ps1"><method name="Copy-LabOdjFile" desc="()" line="47"><counter type="INSTRUCTION" missed="59" covered="0" /><counter type="LINE" missed="44" covered="0" /><counter type="METHOD" missed="1" covered="0" /></method><counter type="INSTRUCTION" missed="59" covered="0" /><counter type="LINE" missed="44" covered="0" /><counter type="METHOD" missed="1" covered="0" /><counter type="CLASS" missed="1" covered="0" /></class><class name="lib/private/Enable-LabWSMan" sourcefilename="Enable-LabWSMan.ps1"><method name="Enable-LabWSMan" desc="()" line="26"><counter type="INSTRUCTION" missed="7" covered="16" /><counter type="LINE" missed="6" covered="11" /><counter type="METHOD" missed="0" covered="1" /></method><counter type="INSTRUCTION" missed="7" covered="16" /><counter type="LINE" missed="6" covered="11" /><counter type="METHOD" missed="0" covered="1" /><counter type="CLASS" missed="0" covered="1" /></class><class name="lib/private/Get-LabBuilderModulePath" sourcefilename="Get-LabBuilderModulePath.ps1"><method name="Get-LabBuilderModulePath" desc="()" line="14"><counter type="INSTRUCTION" missed="12" covered="4" /><counter type="LINE" missed="10" covered="4" /><counter type="METHOD" missed="0" covered="1" /></method><counter type="INSTRUCTION" missed="12" covered="4" /><counter type="LINE" missed="10" covered="4" /><counter type="METHOD" missed="0" covered="1" /><counter type="CLASS" missed="0" covered="1" /></class><class name="lib/private/Get-LabCertificatePsFileContent" sourcefilename="Get-LabCertificatePsFileContent.ps1"><method name="Get-LabCertificatePsFileContent" desc="()" line="47"><counter type="INSTRUCTION" missed="13" covered="0" /><counter type="LINE" missed="13" covered="0" /><counter type="METHOD" missed="1" covered="0" /></method><counter type="INSTRUCTION" missed="13" covered="0" /><counter type="LINE" missed="13" covered="0" /><counter type="METHOD" missed="1" covered="0" /><counter type="CLASS" missed="1" covered="0" /></class><class name="lib/private/Get-LabDSCNetworkingConfig" sourcefilename="Get-LabDSCNetworkingConfig.ps1"><method name="Get-LabDSCNetworkingConfig" desc="()" line="38"><counter type="INSTRUCTION" missed="46" covered="0" /><counter type="LINE" missed="44" covered="0" /><counter type="METHOD" missed="1" covered="0" /></method><method name="&lt;script&gt;" desc="()" line="189"><counter type="INSTRUCTION" missed="2" covered="0" /><counter type="LINE" missed="2" covered="0" /><counter type="METHOD" missed="1" covered="0" /></method><counter type="INSTRUCTION" missed="48" covered="0" /><counter type="LINE" missed="46" covered="0" /><counter type="METHOD" missed="2" covered="0" /><counter type="CLASS" missed="1" covered="0" /></class><class name="lib/private/Get-LabIntegrationServiceName" sourcefilename="Get-LabIntegrationServiceName.ps1"><method name="Get-LabIntegrationServiceName" desc="()" line="22"><counter type="INSTRUCTION" missed="13" covered="0" /><counter type="LINE" missed="12" covered="0" /><counter type="METHOD" missed="1" covered="0" /></method><counter type="INSTRUCTION" missed="13" covered="0" /><counter type="LINE" missed="12" covered="0" /><counter type="METHOD" missed="1" covered="0" /><counter type="CLASS" missed="1" covered="0" /></class><class name="lib/private/Get-LabManagementSwitchName" sourcefilename="Get-LabManagementSwitchName.ps1"><method name="Get-LabManagementSwitchName" desc="()" line="32"><counter type="INSTRUCTION" missed="6" covered="0" /><counter type="LINE" missed="5" covered="0" /><counter type="METHOD" missed="1" covered="0" /></method><counter type="INSTRUCTION" missed="6" covered="0" /><counter type="LINE" missed="5" covered="0" /><counter type="METHOD" missed="1" covered="0" /><counter type="CLASS" missed="1" covered="0" /></class><class name="lib/private/Get-LabModulesInDSCConfig" sourcefilename="Get-LabModulesInDSCConfig.ps1"><method name="Get-LabModulesInDSCConfig" desc="()" line="52"><counter type="INSTRUCTION" missed="15" covered="0" /><counter type="LINE" missed="14" covered="0" /><counter type="METHOD" missed="1" covered="0" /></method><counter type="INSTRUCTION" missed="15" covered="0" /><counter type="LINE" missed="14" covered="0" /><counter type="METHOD" missed="1" covered="0" /><counter type="CLASS" missed="1" covered="0" /></class><class name="lib/private/Get-LabNextIpAddress" sourcefilename="Get-LabNextIpAddress.ps1"><method name="Get-LabNextIpAddress" desc="()" line="38"><counter type="INSTRUCTION" missed="0" covered="11" /><counter type="LINE" missed="0" covered="11" /><counter type="METHOD" missed="0" covered="1" /></method><counter type="INSTRUCTION" missed="0" covered="11" /><counter type="LINE" missed="0" covered="11" /><counter type="METHOD" missed="0" covered="1" /><counter type="CLASS" missed="0" covered="1" /></class><class name="lib/private/Get-LabNextMacAddress" sourcefilename="Get-LabNextMacAddress.ps1"><method name="Get-NextMacAddress" desc="()" line="32"><counter type="INSTRUCTION" missed="0" covered="1" /><counter type="LINE" missed="0" covered="1" /><counter type="METHOD" missed="0" covered="1" /></method><counter type="INSTRUCTION" missed="0" covered="1" /><counter type="LINE" missed="0" covered="1" /><counter type="METHOD" missed="0" covered="1" /><counter type="CLASS" missed="0" covered="1" /></class><class name="lib/private/Get-LabUnattendFileContent" sourcefilename="Get-LabUnattendFileContent.ps1"><method name="Get-LabUnattendFileContent" desc="()" line="40"><counter type="INSTRUCTION" missed="18" covered="0" /><counter type="LINE" missed="18" covered="0" /><counter type="METHOD" missed="1" covered="0" /></method><counter type="INSTRUCTION" missed="18" covered="0" /><counter type="LINE" missed="18" covered="0" /><counter type="METHOD" missed="1" covered="0" /><counter type="CLASS" missed="1" covered="0" /></class><class name="lib/private/Get-LabVMManagementIPAddress" sourcefilename="Get-LabVMManagementIPAddress.ps1"><method name="Get-LabVMManagementIPAddress" desc="()" line="38"><counter type="INSTRUCTION" missed="15" covered="0" /><counter type="LINE" missed="14" covered="0" /><counter type="METHOD" missed="1" covered="0" /></method><counter type="INSTRUCTION" missed="15" covered="0" /><counter type="LINE" missed="14" covered="0" /><counter type="METHOD" missed="1" covered="0" /><counter type="CLASS" missed="1" covered="0" /></class><class name="lib/private/Initialize-LabBootVHD" sourcefilename="Initialize-LabBootVHD.ps1"><method name="Initialize-LabBootVHD" desc="()" line="54"><counter type="INSTRUCTION" missed="120" covered="0" /><counter type="LINE" missed="93" covered="0" /><counter type="METHOD" missed="1" covered="0" /></method><counter type="INSTRUCTION" missed="120" covered="0" /><counter type="LINE" missed="93" covered="0" /><counter type="METHOD" missed="1" covered="0" /><counter type="CLASS" missed="1" covered="0" /></class><class name="lib/private/Initialize-LabDSC" sourcefilename="Initialize-LabDSC.ps1"><method name="Initialize-LabDSC" desc="()" line="46"><counter type="INSTRUCTION" missed="2" covered="0" /><counter type="LINE" missed="2" covered="0" /><counter type="METHOD" missed="1" covered="0" /></method><counter type="INSTRUCTION" missed="2" covered="0" /><counter type="LINE" missed="2" covered="0" /><counter type="METHOD" missed="1" covered="0" /><counter type="CLASS" missed="1" covered="0" /></class><class name="lib/private/Initialize-LabManagementSwitch" sourcefilename="Initialize-LabManagementSwitch.ps1"><method name="Initialize-LabManagementSwitch" desc="()" line="32"><counter type="INSTRUCTION" missed="21" covered="0" /><counter type="LINE" missed="17" covered="0" /><counter type="METHOD" missed="1" covered="0" /></method><counter type="INSTRUCTION" missed="21" covered="0" /><counter type="LINE" missed="17" covered="0" /><counter type="METHOD" missed="1" covered="0" /><counter type="CLASS" missed="1" covered="0" /></class><class name="lib/private/Initialize-LabVHD" sourcefilename="Initialize-LabVHD.ps1"><method name="Initialize-LabVHD" desc="()" line="115"><counter type="INSTRUCTION" missed="96" covered="0" /><counter type="LINE" missed="75" covered="0" /><counter type="METHOD" missed="1" covered="0" /></method><counter type="INSTRUCTION" missed="96" covered="0" /><counter type="LINE" missed="75" covered="0" /><counter type="METHOD" missed="1" covered="0" /><counter type="CLASS" missed="1" covered="0" /></class><class name="lib/private/Initialize-LabVMPath" sourcefilename="Initialize-LabVMPath.ps1"><method name="Initialize-LabVMPath" desc="()" line="31"><counter type="INSTRUCTION" missed="15" covered="0" /><counter type="LINE" missed="10" covered="0" /><counter type="METHOD" missed="1" covered="0" /></method><counter type="INSTRUCTION" missed="15" covered="0" /><counter type="LINE" missed="10" covered="0" /><counter type="METHOD" missed="1" covered="0" /><counter type="CLASS" missed="1" covered="0" /></class><class name="lib/private/Install-LabHyperV" sourcefilename="Install-LabHyperV.ps1"><method name="Install-LabHyperV" desc="()" line="23"><counter type="INSTRUCTION" missed="7" covered="9" /><counter type="LINE" missed="6" covered="7" /><counter type="METHOD" missed="0" covered="1" /></method><counter type="INSTRUCTION" missed="7" covered="9" /><counter type="LINE" missed="6" covered="7" /><counter type="METHOD" missed="0" covered="1" /><counter type="CLASS" missed="0" covered="1" /></class><class name="lib/private/Install-LabPackageProvider" sourcefilename="Install-LabPackageProvider.ps1"><method name="Install-LabPackageProvider" desc="()" line="28"><counter type="INSTRUCTION" missed="6" covered="13" /><counter type="LINE" missed="5" covered="10" /><counter type="METHOD" missed="0" covered="1" /></method><counter type="INSTRUCTION" missed="6" covered="13" /><counter type="LINE" missed="5" covered="10" /><counter type="METHOD" missed="0" covered="1" /><counter type="CLASS" missed="0" covered="1" /></class><class name="lib/private/Invoke-LabDownloadAndUnzipFile" sourcefilename="Invoke-LabDownloadAndUnzipFile.ps1"><method name="Invoke-LabDownloadAndUnzipFile" desc="()" line="26"><counter type="INSTRUCTION" missed="0" covered="33" /><counter type="LINE" missed="0" covered="27" /><counter type="METHOD" missed="0" covered="1" /></method><counter type="INSTRUCTION" missed="0" covered="33" /><counter type="LINE" missed="0" covered="27" /><counter type="METHOD" missed="0" covered="1" /><counter type="CLASS" missed="0" covered="1" /></class><class name="lib/private/Invoke-LabDownloadResourceModule" sourcefilename="Invoke-LabDownloadResourceModule.ps1"><method name="Invoke-LabDownloadResourceModule" desc="()" line="72"><counter type="INSTRUCTION" missed="1" covered="50" /><counter type="LINE" missed="1" covered="39" /><counter type="METHOD" missed="0" covered="1" /></method><counter type="INSTRUCTION" missed="1" covered="50" /><counter type="LINE" missed="1" covered="39" /><counter type="METHOD" missed="0" covered="1" /><counter type="CLASS" missed="0" covered="1" /></class><class name="lib/private/New-LabCredential" sourcefilename="New-LabCredential.ps1"><method name="New-LabCredential" desc="()" line="22"><counter type="INSTRUCTION" missed="0" covered="4" /><counter type="LINE" missed="0" covered="3" /><counter type="METHOD" missed="0" covered="1" /></method><counter type="INSTRUCTION" missed="0" covered="4" /><counter type="LINE" missed="0" covered="3" /><counter type="METHOD" missed="0" covered="1" /><counter type="CLASS" missed="0" covered="1" /></class><class name="lib/private/New-LabException" sourcefilename="New-LabException.ps1"><method name="New-LabException" desc="()" line="54"><counter type="INSTRUCTION" missed="1" covered="4" /><counter type="LINE" missed="1" covered="4" /><counter type="METHOD" missed="0" covered="1" /></method><counter type="INSTRUCTION" missed="1" covered="4" /><counter type="LINE" missed="1" covered="4" /><counter type="METHOD" missed="0" covered="1" /><counter type="CLASS" missed="0" covered="1" /></class><class name="lib/private/New-LabHostSelfSignedCertificate" sourcefilename="New-LabHostSelfSignedCertificate.ps1"><method name="New-LabHostSelfSignedCertificate" desc="()" line="41"><counter type="INSTRUCTION" missed="21" covered="0" /><counter type="LINE" missed="17" covered="0" /><counter type="METHOD" missed="1" covered="0" /></method><counter type="INSTRUCTION" missed="21" covered="0" /><counter type="LINE" missed="17" covered="0" /><counter type="METHOD" missed="1" covered="0" /><counter type="CLASS" missed="1" covered="0" /></class><class name="lib/private/New-LabVMInitializationFile" sourcefilename="New-LabVMInitializationFile.ps1"><method name="New-LabVMInitializationFile" desc="()" line="42"><counter type="INSTRUCTION" missed="45" covered="0" /><counter type="LINE" missed="41" covered="0" /><counter type="METHOD" missed="1" covered="0" /></method><counter type="INSTRUCTION" missed="45" covered="0" /><counter type="LINE" missed="41" covered="0" /><counter type="METHOD" missed="1" covered="0" /><counter type="CLASS" missed="1" covered="0" /></class><class name="lib/private/Recieve-LabSelfSignedCertificate" sourcefilename="Recieve-LabSelfSignedCertificate.ps1"><method name="Recieve-LabSelfSignedCertificate" desc="()" line="50"><counter type="INSTRUCTION" missed="51" covered="0" /><counter type="LINE" missed="35" covered="0" /><counter type="METHOD" missed="1" covered="0" /></method><counter type="INSTRUCTION" missed="51" covered="0" /><counter type="LINE" missed="35" covered="0" /><counter type="METHOD" missed="1" covered="0" /><counter type="CLASS" missed="1" covered="0" /></class><class name="lib/private/Register-LabPackageSource" sourcefilename="Register-LabPackageSource.ps1"><method name="Register-LabPackageSource" desc="()" line="28"><counter type="INSTRUCTION" missed="12" covered="25" /><counter type="LINE" missed="10" covered="23" /><counter type="METHOD" missed="0" covered="1" /></method><counter type="INSTRUCTION" missed="12" covered="25" /><counter type="LINE" missed="10" covered="23" /><counter type="METHOD" missed="0" covered="1" /><counter type="CLASS" missed="0" covered="1" /></class><class name="lib/private/Request-LabSelfSignedCertificate" sourcefilename="Request-LabSelfSignedCertificate.ps1"><method name="Request-LabSelfSignedCertificate" desc="()" line="50"><counter type="INSTRUCTION" missed="87" covered="0" /><counter type="LINE" missed="61" covered="0" /><counter type="METHOD" missed="1" covered="0" /></method><counter type="INSTRUCTION" missed="87" covered="0" /><counter type="LINE" missed="61" covered="0" /><counter type="METHOD" missed="1" covered="0" /><counter type="CLASS" missed="1" covered="0" /></class><class name="lib/private/Set-LabDSC" sourcefilename="Set-LabDSC.ps1"><method name="Set-LabDSC" desc="()" line="45"><counter type="INSTRUCTION" missed="37" covered="0" /><counter type="LINE" missed="31" covered="0" /><counter type="METHOD" missed="1" covered="0" /></method><counter type="INSTRUCTION" missed="37" covered="0" /><counter type="LINE" missed="31" covered="0" /><counter type="METHOD" missed="1" covered="0" /><counter type="CLASS" missed="1" covered="0" /></class><class name="lib/private/Set-LabModulesInDSCConfig" sourcefilename="Set-LabModulesInDSCConfig.ps1"><method name="Set-LabModulesInDSCConfig" desc="()" line="58"><counter type="INSTRUCTION" missed="33" covered="0" /><counter type="LINE" missed="28" covered="0" /><counter type="METHOD" missed="1" covered="0" /></method><counter type="INSTRUCTION" missed="33" covered="0" /><counter type="LINE" missed="28" covered="0" /><counter type="METHOD" missed="1" covered="0" /><counter type="CLASS" missed="1" covered="0" /></class><class name="lib/private/Set-LabSwitchAdapter" sourcefilename="Set-LabSwitchAdapter.ps1"><method name="Set-LabSwitchAdapter" desc="()" line="60"><counter type="INSTRUCTION" missed="26" covered="0" /><counter type="LINE" missed="25" covered="0" /><counter type="METHOD" missed="1" covered="0" /></method><counter type="INSTRUCTION" missed="26" covered="0" /><counter type="LINE" missed="25" covered="0" /><counter type="METHOD" missed="1" covered="0" /><counter type="CLASS" missed="1" covered="0" /></class><class name="lib/private/Start-LabDSC" sourcefilename="Start-LabDSC.ps1"><method name="Start-LabDSC" desc="()" line="51"><counter type="INSTRUCTION" missed="108" covered="0" /><counter type="LINE" missed="82" covered="0" /><counter type="METHOD" missed="1" covered="0" /></method><counter type="INSTRUCTION" missed="108" covered="0" /><counter type="LINE" missed="82" covered="0" /><counter type="METHOD" missed="1" covered="0" /><counter type="CLASS" missed="1" covered="0" /></class><class name="lib/private/Update-LabDSC" sourcefilename="Update-LabDSC.ps1"><method name="Update-LabDSC" desc="()" line="45"><counter type="INSTRUCTION" missed="175" covered="0" /><counter type="LINE" missed="141" covered="0" /><counter type="METHOD" missed="1" covered="0" /></method><counter type="INSTRUCTION" missed="175" covered="0" /><counter type="LINE" missed="141" covered="0" /><counter type="METHOD" missed="1" covered="0" /><counter type="CLASS" missed="1" covered="0" /></class><class name="lib/private/Update-LabVMDataDisk" sourcefilename="Update-LabVMDataDisk.ps1"><method name="Update-LabVMDataDisk" desc="()" line="50"><counter type="INSTRUCTION" missed="146" covered="0" /><counter type="LINE" missed="115" covered="0" /><counter type="METHOD" missed="1" covered="0" /></method><counter type="INSTRUCTION" missed="146" covered="0" /><counter type="LINE" missed="115" covered="0" /><counter type="METHOD" missed="1" covered="0" /><counter type="CLASS" missed="1" covered="0" /></class><class name="lib/private/Update-LabVMDvdDrive" sourcefilename="Update-LabVMDvdDrive.ps1"><method name="Update-LabVMDvdDrive" desc="()" line="49"><counter type="INSTRUCTION" missed="26" covered="0" /><counter type="LINE" missed="20" covered="0" /><counter type="METHOD" missed="1" covered="0" /></method><counter type="INSTRUCTION" missed="26" covered="0" /><counter type="LINE" missed="20" covered="0" /><counter type="METHOD" missed="1" covered="0" /><counter type="CLASS" missed="1" covered="0" /></class><class name="lib/private/Update-LabVMIntegrationService" sourcefilename="Update-LabVMIntegrationService.ps1"><method name="Update-LabVMIntegrationService" desc="()" line="55"><counter type="INSTRUCTION" missed="19" covered="0" /><counter type="LINE" missed="13" covered="0" /><counter type="METHOD" missed="1" covered="0" /></method><counter type="INSTRUCTION" missed="19" covered="0" /><counter type="LINE" missed="13" covered="0" /><counter type="METHOD" missed="1" covered="0" /><counter type="CLASS" missed="1" covered="0" /></class><class name="lib/private/Wait-LabVMInitializationComplete" sourcefilename="Wait-LabVMInitializationComplete.ps1"><method name="Wait-LabVMInitializationComplete" desc="()" line="47"><counter type="INSTRUCTION" missed="55" covered="0" /><counter type="LINE" missed="40" covered="0" /><counter type="METHOD" missed="1" covered="0" /></method><counter type="INSTRUCTION" missed="55" covered="0" /><counter type="LINE" missed="40" covered="0" /><counter type="METHOD" missed="1" covered="0" /><counter type="CLASS" missed="1" covered="0" /></class><class name="lib/private/Wait-LabVMOff" sourcefilename="Wait-LabVMOff.ps1"><method name="Wait-LabVMOff" desc="()" line="21"><counter type="INSTRUCTION" missed="4" covered="0" /><counter type="LINE" missed="4" covered="0" /><counter type="METHOD" missed="1" covered="0" /></method><counter type="INSTRUCTION" missed="4" covered="0" /><counter type="LINE" missed="4" covered="0" /><counter type="METHOD" missed="1" covered="0" /><counter type="CLASS" missed="1" covered="0" /></class><class name="lib/private/Wait-LabVMStarted" sourcefilename="Wait-LabVMStarted.ps1"><method name="Wait-LabVMStarted" desc="()" line="22"><counter type="INSTRUCTION" missed="20" covered="0" /><counter type="LINE" missed="12" covered="0" /><counter type="METHOD" missed="1" covered="0" /></method><counter type="INSTRUCTION" missed="20" covered="0" /><counter type="LINE" missed="12" covered="0" /><counter type="METHOD" missed="1" covered="0" /><counter type="CLASS" missed="1" covered="0" /></class><class name="lib/private/Write-LabMessage" sourcefilename="Write-LabMessage.ps1"><method name="Write-LabMessage" desc="()" line="51"><counter type="INSTRUCTION" missed="0" covered="12" /><counter type="LINE" missed="0" covered="8" /><counter type="METHOD" missed="0" covered="1" /></method><counter type="INSTRUCTION" missed="0" covered="12" /><counter type="LINE" missed="0" covered="8" /><counter type="METHOD" missed="0" covered="1" /><counter type="CLASS" missed="0" covered="1" /></class><sourcefile name="Assert-LabValidConfigurationXMLSchema.ps1"><line nr="31" mi="0" ci="1" /><line nr="32" mi="0" ci="1" /><line nr="33" mi="0" ci="1" /><line nr="34" mi="0" ci="1" /><line nr="37" mi="0" ci="1" /><line nr="38" mi="0" ci="1" /><line nr="39" mi="0" ci="1" /><line nr="40" mi="0" ci="1" /><line nr="41" mi="0" ci="1" /><line nr="44" mi="1" ci="0" /><line nr="46" mi="1" ci="0" /><line nr="48" mi="2" ci="0" /><line nr="50" mi="1" ci="0" /><line nr="53" mi="0" ci="1" /><line nr="57" mi="0" ci="1" /><line nr="64" mi="1" ci="0" /><line nr="65" mi="1" ci="0" /><line nr="66" mi="1" ci="0" /><line nr="67" mi="2" ci="0" /><line nr="70" mi="1" ci="0" /><line nr="74" mi="0" ci="1" /><line nr="78" mi="0" ci="1" /><line nr="81" mi="1" ci="0" /><line nr="82" mi="1" ci="0" /><line nr="83" mi="1" ci="0" /><line nr="84" mi="2" ci="0" /><line nr="86" mi="1" ci="0" /><counter type="INSTRUCTION" missed="17" covered="13" /><counter type="LINE" missed="14" covered="13" /><counter type="METHOD" missed="0" covered="1" /><counter type="CLASS" missed="0" covered="1" /></sourcefile><sourcefile name="Assert-LabValidIpAddress.ps1"><line nr="30" mi="0" ci="1" /><line nr="31" mi="0" ci="1" /><line nr="33" mi="0" ci="1" /><line nr="34" mi="0" ci="1" /><line nr="35" mi="0" ci="1" /><line nr="36" mi="0" ci="2" /><line nr="38" mi="0" ci="1" /><line nr="40" mi="0" ci="1" /><counter type="INSTRUCTION" missed="0" covered="9" /><counter type="LINE" missed="0" covered="8" /><counter type="METHOD" missed="0" covered="1" /><counter type="CLASS" missed="0" covered="1" /></sourcefile><sourcefile name="ConvertTo-LabAbsolutePath.ps1"><line nr="29" mi="0" ci="1" /><line nr="31" mi="0" ci="1" /><line nr="36" mi="0" ci="1" /><counter type="INSTRUCTION" missed="0" covered="3" /><counter type="LINE" missed="0" covered="3" /><counter type="METHOD" missed="0" covered="1" /><counter type="CLASS" missed="0" covered="1" /></sourcefile><sourcefile name="Copy-LabOdjFile.ps1"><line nr="47" mi="1" ci="0" /><line nr="48" mi="1" ci="0" /><line nr="49" mi="1" ci="0" /><line nr="50" mi="1" ci="0" /><line nr="51" mi="1" ci="0" /><line nr="53" mi="1" ci="0" /><line nr="56" mi="2" ci="0" /><line nr="62" mi="1" ci="0" /><line nr="64" mi="2" ci="0" /><line nr="65" mi="3" ci="0" /><line nr="68" mi="1" ci="0" /><line nr="73" mi="1" ci="0" /><line nr="75" mi="1" ci="0" /><line nr="76" mi="1" ci="0" /><line nr="77" mi="1" ci="0" /><line nr="78" mi="2" ci="0" /><line nr="81" mi="1" ci="0" /><line nr="85" mi="2" ci="0" /><line nr="86" mi="1" ci="0" /><line nr="87" mi="1" ci="0" /><line nr="89" mi="1" ci="0" /><line nr="90" mi="1" ci="0" /><line nr="91" mi="1" ci="0" /><line nr="92" mi="1" ci="0" /><line nr="93" mi="1" ci="0" /><line nr="97" mi="2" ci="0" /><line nr="98" mi="3" ci="0" /><line nr="102" mi="2" ci="0" /><line nr="105" mi="1" ci="0" /><line nr="107" mi="1" ci="0" /><line nr="109" mi="1" ci="0" /><line nr="111" mi="1" ci="0" /><line nr="115" mi="2" ci="0" /><line nr="118" mi="1" ci="0" /><line nr="124" mi="2" ci="0" /><line nr="125" mi="3" ci="0" /><line nr="128" mi="1" ci="0" /><line nr="132" mi="1" ci="0" /><line nr="133" mi="1" ci="0" /><line nr="134" mi="1" ci="0" /><line nr="135" mi="2" ci="0" /><line nr="138" mi="1" ci="0" /><line nr="143" mi="1" ci="0" /><line nr="147" mi="1" ci="0" /><counter type="INSTRUCTION" missed="59" covered="0" /><counter type="LINE" missed="44" covered="0" /><counter type="METHOD" missed="1" covered="0" /><counter type="CLASS" missed="1" covered="0" /></sourcefile><sourcefile name="Enable-LabWSMan.ps1"><line nr="26" mi="0" ci="2" /><line nr="28" mi="0" ci="2" /><line nr="32" mi="0" ci="1" /><line nr="36" mi="0" ci="1" /><line nr="43" mi="0" ci="2" /><line nr="45" mi="0" ci="1" /><line nr="46" mi="0" ci="1" /><line nr="47" mi="0" ci="1" /><line nr="48" mi="0" ci="2" /><line nr="50" mi="0" ci="1" /><line nr="55" mi="0" ci="2" /><line nr="59" mi="1" ci="0" /><line nr="63" mi="1" ci="0" /><line nr="64" mi="1" ci="0" /><line nr="65" mi="1" ci="0" /><line nr="66" mi="2" ci="0" /><line nr="68" mi="1" ci="0" /><counter type="INSTRUCTION" missed="7" covered="16" /><counter type="LINE" missed="6" covered="11" /><counter type="METHOD" missed="0" covered="1" /><counter type="CLASS" missed="0" covered="1" /></sourcefile><sourcefile name="Get-LabBuilderModulePath.ps1"><line nr="14" mi="0" ci="1" /><line nr="16" mi="0" ci="1" /><line nr="18" mi="1" ci="0" /><line nr="19" mi="1" ci="0" /><line nr="20" mi="1" ci="0" /><line nr="21" mi="2" ci="0" /><line nr="23" mi="1" ci="0" /><line nr="26" mi="0" ci="1" /><line nr="28" mi="1" ci="0" /><line nr="29" mi="1" ci="0" /><line nr="30" mi="1" ci="0" /><line nr="31" mi="2" ci="0" /><line nr="33" mi="1" ci="0" /><line nr="36" mi="0" ci="1" /><counter type="INSTRUCTION" missed="12" covered="4" /><counter type="LINE" missed="10" covered="4" /><counter type="METHOD" missed="0" covered="1" /><counter type="CLASS" missed="0" covered="1" /></sourcefile><sourcefile name="Get-LabCertificatePsFileContent.ps1"><line nr="47" mi="1" ci="0" /><line nr="49" mi="1" ci="0" /><line nr="52" mi="1" ci="0" /><line nr="54" mi="1" ci="0" /><line nr="55" mi="1" ci="0" /><line nr="63" mi="1" ci="0" /><line nr="66" mi="1" ci="0" /><line nr="71" mi="1" ci="0" /><line nr="72" mi="1" ci="0" /><line nr="73" mi="1" ci="0" /><line nr="74" mi="1" ci="0" /><line nr="95" mi="1" ci="0" /><line nr="118" mi="1" ci="0" /><counter type="INSTRUCTION" missed="13" covered="0" /><counter type="LINE" missed="13" covered="0" /><counter type="METHOD" missed="1" covered="0" /><counter type="CLASS" missed="1" covered="0" /></sourcefile><sourcefile name="Get-LabDSCNetworkingConfig.ps1"><line nr="38" mi="1" ci="0" /><line nr="39" mi="1" ci="0" /><line nr="40" mi="1" ci="0" /><line nr="41" mi="1" ci="0" /><line nr="44" mi="1" ci="0" /><line nr="49" mi="1" ci="0" /><line nr="51" mi="1" ci="0" /><line nr="53" mi="1" ci="0" /><line nr="55" mi="1" ci="0" /><line nr="57" mi="1" ci="0" /><line nr="59" mi="1" ci="0" /><line nr="61" mi="1" ci="0" /><line nr="63" mi="2" ci="0" /><line nr="67" mi="1" ci="0" /><line nr="69" mi="1" ci="0" /><line nr="71" mi="1" ci="0" /><line nr="73" mi="1" ci="0" /><line nr="80" mi="1" ci="0" /><line nr="82" mi="1" ci="0" /><line nr="91" mi="1" ci="0" /><line nr="93" mi="1" ci="0" /><line nr="102" mi="1" ci="0" /><line nr="104" mi="1" ci="0" /><line nr="106" mi="1" ci="0" /><line nr="108" mi="1" ci="0" /><line nr="115" mi="1" ci="0" /><line nr="117" mi="1" ci="0" /><line nr="119" mi="1" ci="0" /><line nr="121" mi="1" ci="0" /><line nr="123" mi="2" ci="0" /><line nr="127" mi="1" ci="0" /><line nr="129" mi="1" ci="0" /><line nr="131" mi="1" ci="0" /><line nr="133" mi="1" ci="0" /><line nr="140" mi="1" ci="0" /><line nr="142" mi="1" ci="0" /><line nr="151" mi="1" ci="0" /><line nr="153" mi="1" ci="0" /><line nr="162" mi="1" ci="0" /><line nr="164" mi="1" ci="0" /><line nr="166" mi="1" ci="0" /><line nr="168" mi="1" ci="0" /><line nr="176" mi="1" ci="0" /><line nr="180" mi="1" ci="0" /><line nr="189" mi="1" ci="0" /><line nr="190" mi="1" ci="0" /><counter type="INSTRUCTION" missed="48" covered="0" /><counter type="LINE" missed="46" covered="0" /><counter type="METHOD" missed="2" covered="0" /><counter type="CLASS" missed="1" covered="0" /></sourcefile><sourcefile name="Get-LabIntegrationServiceName.ps1"><line nr="22" mi="1" ci="0" /><line nr="23" mi="1" ci="0" /><line nr="24" mi="1" ci="0" /><line nr="25" mi="1" ci="0" /><line nr="26" mi="1" ci="0" /><line nr="27" mi="1" ci="0" /><line nr="28" mi="1" ci="0" /><line nr="29" mi="1" ci="0" /><line nr="37" mi="1" ci="0" /><line nr="39" mi="2" ci="0" /><line nr="42" mi="1" ci="0" /><line nr="45" mi="1" ci="0" /><counter type="INSTRUCTION" missed="13" covered="0" /><counter type="LINE" missed="12" covered="0" /><counter type="METHOD" missed="1" covered="0" /><counter type="CLASS" missed="1" covered="0" /></sourcefile><sourcefile name="Get-LabManagementSwitchName.ps1"><line nr="32" mi="1" ci="0" /><line nr="34" mi="1" ci="0" /><line nr="36" mi="1" ci="0" /><line nr="39" mi="2" ci="0" /><line nr="41" mi="1" ci="0" /><counter type="INSTRUCTION" missed="6" covered="0" /><counter type="LINE" missed="5" covered="0" /><counter type="METHOD" missed="1" covered="0" /><counter type="CLASS" missed="1" covered="0" /></sourcefile><sourcefile name="Get-LabModulesInDSCConfig.ps1"><line nr="52" mi="1" ci="0" /><line nr="54" mi="1" ci="0" /><line nr="56" mi="1" ci="0" /><line nr="59" mi="1" ci="0" /><line nr="60" mi="1" ci="0" /><line nr="62" mi="1" ci="0" /><line nr="64" mi="1" ci="0" /><line nr="65" mi="1" ci="0" /><line nr="68" mi="1" ci="0" /><line nr="70" mi="1" ci="0" /><line nr="72" mi="1" ci="0" /><line nr="74" mi="1" ci="0" /><line nr="77" mi="2" ci="0" /><line nr="81" mi="1" ci="0" /><counter type="INSTRUCTION" missed="15" covered="0" /><counter type="LINE" missed="14" covered="0" /><counter type="METHOD" missed="1" covered="0" /><counter type="CLASS" missed="1" covered="0" /></sourcefile><sourcefile name="Get-LabNextIpAddress.ps1"><line nr="38" mi="0" ci="1" /><line nr="42" mi="0" ci="1" /><line nr="43" mi="0" ci="1" /><line nr="45" mi="0" ci="1" /><line nr="47" mi="0" ci="1" /><line nr="49" mi="0" ci="1" /><line nr="50" mi="0" ci="1" /><line nr="51" mi="0" ci="1" /><line nr="55" mi="0" ci="1" /><line nr="56" mi="0" ci="1" /><line nr="60" mi="0" ci="1" /><counter type="INSTRUCTION" missed="0" covered="11" /><counter type="LINE" missed="0" covered="11" /><counter type="METHOD" missed="0" covered="1" /><counter type="CLASS" missed="0" covered="1" /></sourcefile><sourcefile name="Get-LabNextMacAddress.ps1"><line nr="32" mi="0" ci="1" /><counter type="INSTRUCTION" missed="0" covered="1" /><counter type="LINE" missed="0" covered="1" /><counter type="METHOD" missed="0" covered="1" /><counter type="CLASS" missed="0" covered="1" /></sourcefile><sourcefile name="Get-LabUnattendFileContent.ps1"><line nr="40" mi="1" ci="0" /><line nr="42" mi="1" ci="0" /><line nr="46" mi="1" ci="0" /><line nr="47" mi="1" ci="0" /><line nr="48" mi="1" ci="0" /><line nr="76" mi="1" ci="0" /><line nr="82" mi="1" ci="0" /><line nr="84" mi="1" ci="0" /><line nr="101" mi="1" ci="0" /><line nr="106" mi="1" ci="0" /><line nr="108" mi="1" ci="0" /><line nr="111" mi="1" ci="0" /><line nr="135" mi="1" ci="0" /><line nr="148" mi="1" ci="0" /><line nr="152" mi="1" ci="0" /><line nr="153" mi="1" ci="0" /><line nr="155" mi="1" ci="0" /><line nr="168" mi="1" ci="0" /><counter type="INSTRUCTION" missed="18" covered="0" /><counter type="LINE" missed="18" covered="0" /><counter type="METHOD" missed="1" covered="0" /><counter type="CLASS" missed="1" covered="0" /></sourcefile><sourcefile name="Get-LabVMManagementIPAddress.ps1"><line nr="38" mi="1" ci="0" /><line nr="39" mi="1" ci="0" /><line nr="40" mi="1" ci="0" /><line nr="41" mi="1" ci="0" /><line nr="42" mi="1" ci="0" /><line nr="43" mi="1" ci="0" /><line nr="44" mi="1" ci="0" /><line nr="47" mi="1" ci="0" /><line nr="48" mi="1" ci="0" /><line nr="49" mi="1" ci="0" /><line nr="50" mi="1" ci="0" /><line nr="51" mi="2" ci="0" /><line nr="54" mi="1" ci="0" /><line nr="57" mi="1" ci="0" /><counter type="INSTRUCTION" missed="15" covered="0" /><counter type="LINE" missed="14" covered="0" /><counter type="METHOD" missed="1" covered="0" /><counter type="CLASS" missed="1" covered="0" /></sourcefile><sourcefile name="Initialize-LabBootVHD.ps1"><line nr="54" mi="1" ci="0" /><line nr="57" mi="1" ci="0" /><line nr="60" mi="2" ci="0" /><line nr="64" mi="1" ci="0" /><line nr="68" mi="2" ci="0" /><line nr="70" mi="1" ci="0" /><line nr="76" mi="1" ci="0" /><line nr="83" mi="1" ci="0" /><line nr="84" mi="1" ci="0" /><line nr="87" mi="1" ci="0" /><line nr="90" mi="2" ci="0" /><line nr="92" mi="1" ci="0" /><line nr="93" mi="1" ci="0" /><line nr="94" mi="1" ci="0" /><line nr="95" mi="2" ci="0" /><line nr="98" mi="1" ci="0" /><line nr="101" mi="1" ci="0" /><line nr="103" mi="1" ci="0" /><line nr="107" mi="2" ci="0" /><line nr="109" mi="1" ci="0" /><line nr="115" mi="1" ci="0" /><line nr="118" mi="1" ci="0" /><line nr="121" mi="2" ci="0" /><line nr="123" mi="2" ci="0" /><line nr="124" mi="1" ci="0" /><line nr="128" mi="1" ci="0" /><line nr="133" mi="2" ci="0" /><line nr="135" mi="1" ci="0" /><line nr="136" mi="1" ci="0" /><line nr="137" mi="1" ci="0" /><line nr="138" mi="2" ci="0" /><line nr="141" mi="1" ci="0" /><line nr="145" mi="2" ci="0" /><line nr="148" mi="1" ci="0" /><line nr="153" mi="2" ci="0" /><line nr="154" mi="1" ci="0" /><line nr="156" mi="1" ci="0" /><line nr="159" mi="2" ci="0" /><line nr="161" mi="1" ci="0" /><line nr="162" mi="1" ci="0" /><line nr="163" mi="1" ci="0" /><line nr="164" mi="2" ci="0" /><line nr="167" mi="1" ci="0" /><line nr="170" mi="2" ci="0" /><line nr="174" mi="1" ci="0" /><line nr="181" mi="1" ci="0" /><line nr="182" mi="1" ci="0" /><line nr="184" mi="1" ci="0" /><line nr="187" mi="1" ci="0" /><line nr="191" mi="1" ci="0" /><line nr="193" mi="1" ci="0" /><line nr="194" mi="1" ci="0" /><line nr="195" mi="1" ci="0" /><line nr="196" mi="2" ci="0" /><line nr="199" mi="1" ci="0" /><line nr="202" mi="1" ci="0" /><line nr="203" mi="2" ci="0" /><line nr="205" mi="1" ci="0" /><line nr="206" mi="1" ci="0" /><line nr="207" mi="1" ci="0" /><line nr="208" mi="2" ci="0" /><line nr="211" mi="1" ci="0" /><line nr="214" mi="2" ci="0" /><line nr="217" mi="1" ci="0" /><line nr="227" mi="2" ci="0" /><line nr="229" mi="1" ci="0" /><line nr="230" mi="1" ci="0" /><line nr="232" mi="1" ci="0" /><line nr="236" mi="1" ci="0" /><line nr="241" mi="1" ci="0" /><line nr="246" mi="2" ci="0" /><line nr="249" mi="2" ci="0" /><line nr="251" mi="2" ci="0" /><line nr="254" mi="1" ci="0" /><line nr="258" mi="1" ci="0" /><line nr="259" mi="1" ci="0" /><line nr="265" mi="1" ci="0" /><line nr="268" mi="1" ci="0" /><line nr="271" mi="2" ci="0" /><line nr="273" mi="1" ci="0" /><line nr="280" mi="2" ci="0" /><line nr="282" mi="1" ci="0" /><line nr="283" mi="1" ci="0" /><line nr="288" mi="2" ci="0" /><line nr="290" mi="1" ci="0" /><line nr="291" mi="1" ci="0" /><line nr="296" mi="1" ci="0" /><line nr="298" mi="1" ci="0" /><line nr="299" mi="2" ci="0" /><line nr="301" mi="1" ci="0" /><line nr="308" mi="2" ci="0" /><line nr="310" mi="1" ci="0" /><line nr="311" mi="1" ci="0" /><counter type="INSTRUCTION" missed="120" covered="0" /><counter type="LINE" missed="93" covered="0" /><counter type="METHOD" missed="1" covered="0" /><counter type="CLASS" missed="1" covered="0" /></sourcefile><sourcefile name="Initialize-LabDSC.ps1"><line nr="46" mi="1" ci="0" /><line nr="49" mi="1" ci="0" /><counter type="INSTRUCTION" missed="2" covered="0" /><counter type="LINE" missed="2" covered="0" /><counter type="METHOD" missed="1" covered="0" /><counter type="CLASS" missed="1" covered="0" /></sourcefile><sourcefile name="Initialize-LabManagementSwitch.ps1"><line nr="32" mi="1" ci="0" /><line nr="34" mi="2" ci="0" /><line nr="37" mi="1" ci="0" /><line nr="39" mi="1" ci="0" /><line nr="43" mi="1" ci="0" /><line nr="46" mi="2" ci="0" /><line nr="48" mi="1" ci="0" /><line nr="50" mi="1" ci="0" /><line nr="55" mi="2" ci="0" /><line nr="60" mi="1" ci="0" /><line nr="66" mi="1" ci="0" /><line nr="68" mi="1" ci="0" /><line nr="75" mi="1" ci="0" /><line nr="78" mi="1" ci="0" /><line nr="80" mi="1" ci="0" /><line nr="82" mi="2" ci="0" /><line nr="85" mi="1" ci="0" /><counter type="INSTRUCTION" missed="21" covered="0" /><counter type="LINE" missed="17" covered="0" /><counter type="METHOD" missed="1" covered="0" /><counter type="CLASS" missed="1" covered="0" /></sourcefile><sourcefile name="Initialize-LabVHD.ps1"><line nr="115" mi="2" ci="0" /><line nr="117" mi="1" ci="0" /><line nr="118" mi="1" ci="0" /><line nr="119" mi="1" ci="0" /><line nr="120" mi="2" ci="0" /><line nr="123" mi="1" ci="0" /><line nr="127" mi="1" ci="0" /><line nr="129" mi="1" ci="0" /><line nr="131" mi="2" ci="0" /><line nr="134" mi="1" ci="0" /><line nr="137" mi="1" ci="0" /><line nr="142" mi="1" ci="0" /><line nr="143" mi="2" ci="0" /><line nr="145" mi="1" ci="0" /><line nr="147" mi="1" ci="0" /><line nr="148" mi="1" ci="0" /><line nr="149" mi="1" ci="0" /><line nr="150" mi="2" ci="0" /><line nr="153" mi="1" ci="0" /><line nr="155" mi="2" ci="0" /><line nr="158" mi="1" ci="0" /><line nr="165" mi="2" ci="0" /><line nr="168" mi="2" ci="0" /><line nr="169" mi="3" ci="0" /><line nr="171" mi="2" ci="0" /><line nr="174" mi="2" ci="0" /><line nr="184" mi="1" ci="0" /><line nr="186" mi="2" ci="0" /><line nr="188" mi="1" ci="0" /><line nr="190" mi="1" ci="0" /><line nr="193" mi="1" ci="0" /><line nr="195" mi="1" ci="0" /><line nr="198" mi="1" ci="0" /><line nr="204" mi="1" ci="0" /><line nr="207" mi="1" ci="0" /><line nr="212" mi="1" ci="0" /><line nr="215" mi="1" ci="0" /><line nr="217" mi="1" ci="0" /><line nr="220" mi="1" ci="0" /><line nr="225" mi="1" ci="0" /><line nr="228" mi="1" ci="0" /><line nr="231" mi="1" ci="0" /><line nr="235" mi="1" ci="0" /><line nr="238" mi="1" ci="0" /><line nr="241" mi="1" ci="0" /><line nr="242" mi="1" ci="0" /><line nr="243" mi="1" ci="0" /><line nr="244" mi="2" ci="0" /><line nr="247" mi="1" ci="0" /><line nr="251" mi="2" ci="0" /><line nr="253" mi="1" ci="0" /><line nr="254" mi="1" ci="0" /><line nr="255" mi="1" ci="0" /><line nr="257" mi="1" ci="0" /><line nr="259" mi="1" ci="0" /><line nr="260" mi="1" ci="0" /><line nr="263" mi="1" ci="0" /><line nr="270" mi="2" ci="0" /><line nr="271" mi="1" ci="0" /><line nr="273" mi="2" ci="0" /><line nr="275" mi="1" ci="0" /><line nr="283" mi="1" ci="0" /><line nr="285" mi="1" ci="0" /><line nr="290" mi="1" ci="0" /><line nr="296" mi="1" ci="0" /><line nr="299" mi="2" ci="0" /><line nr="305" mi="2" ci="0" /><line nr="307" mi="1" ci="0" /><line nr="308" mi="1" ci="0" /><line nr="309" mi="1" ci="0" /><line nr="310" mi="2" ci="0" /><line nr="313" mi="1" ci="0" /><line nr="317" mi="1" ci="0" /><line nr="323" mi="2" ci="0" /><line nr="330" mi="1" ci="0" /><counter type="INSTRUCTION" missed="96" covered="0" /><counter type="LINE" missed="75" covered="0" /><counter type="METHOD" missed="1" covered="0" /><counter type="CLASS" missed="1" covered="0" /></sourcefile><sourcefile name="Initialize-LabVMPath.ps1"><line nr="31" mi="2" ci="0" /><line nr="33" mi="1" ci="0" /><line nr="38" mi="2" ci="0" /><line nr="40" mi="1" ci="0" /><line nr="45" mi="2" ci="0" /><line nr="47" mi="1" ci="0" /><line nr="52" mi="2" ci="0" /><line nr="54" mi="1" ci="0" /><line nr="59" mi="2" ci="0" /><line nr="61" mi="1" ci="0" /><counter type="INSTRUCTION" missed="15" covered="0" /><counter type="LINE" missed="10" covered="0" /><counter type="METHOD" missed="1" covered="0" /><counter type="CLASS" missed="1" covered="0" /></sourcefile><sourcefile name="Install-LabHyperV.ps1"><line nr="23" mi="0" ci="2" /><line nr="26" mi="0" ci="1" /><line nr="27" mi="0" ci="1" /><line nr="28" mi="0" ci="1" /><line nr="30" mi="0" ci="2" /><line nr="32" mi="0" ci="1" /><line nr="33" mi="0" ci="1" /><line nr="40" mi="1" ci="0" /><line nr="41" mi="1" ci="0" /><line nr="42" mi="1" ci="0" /><line nr="44" mi="2" ci="0" /><line nr="46" mi="1" ci="0" /><line nr="47" mi="1" ci="0" /><counter type="INSTRUCTION" missed="7" covered="9" /><counter type="LINE" missed="6" covered="7" /><counter type="METHOD" missed="0" covered="1" /><counter type="CLASS" missed="0" covered="1" /></sourcefile><sourcefile name="Install-LabPackageProvider.ps1"><line nr="28" mi="0" ci="2" /><line nr="29" mi="0" ci="1" /><line nr="33" mi="0" ci="1" /><line nr="35" mi="0" ci="1" /><line nr="36" mi="0" ci="2" /><line nr="38" mi="0" ci="1" /><line nr="41" mi="0" ci="1" /><line nr="42" mi="0" ci="1" /><line nr="45" mi="0" ci="2" /><line nr="48" mi="0" ci="1" /><line nr="57" mi="1" ci="0" /><line nr="58" mi="1" ci="0" /><line nr="59" mi="1" ci="0" /><line nr="60" mi="2" ci="0" /><line nr="63" mi="1" ci="0" /><counter type="INSTRUCTION" missed="6" covered="13" /><counter type="LINE" missed="5" covered="10" /><counter type="METHOD" missed="0" covered="1" /><counter type="CLASS" missed="0" covered="1" /></sourcefile><sourcefile name="Invoke-LabDownloadAndUnzipFile.ps1"><line nr="26" mi="0" ci="1" /><line nr="28" mi="0" ci="2" /><line nr="30" mi="0" ci="1" /><line nr="31" mi="0" ci="1" /><line nr="32" mi="0" ci="1" /><line nr="33" mi="0" ci="2" /><line nr="36" mi="0" ci="1" /><line nr="39" mi="0" ci="1" /><line nr="41" mi="0" ci="1" /><line nr="44" mi="0" ci="1" /><line nr="49" mi="0" ci="1" /><line nr="52" mi="0" ci="2" /><line nr="57" mi="0" ci="1" /><line nr="64" mi="0" ci="1" /><line nr="65" mi="0" ci="1" /><line nr="66" mi="0" ci="1" /><line nr="67" mi="0" ci="2" /><line nr="69" mi="0" ci="1" /><line nr="72" mi="0" ci="1" /><line nr="74" mi="0" ci="2" /><line nr="80" mi="0" ci="1" /><line nr="88" mi="0" ci="1" /><line nr="89" mi="0" ci="1" /><line nr="90" mi="0" ci="1" /><line nr="91" mi="0" ci="2" /><line nr="93" mi="0" ci="1" /><line nr="98" mi="0" ci="1" /><counter type="INSTRUCTION" missed="0" covered="33" /><counter type="LINE" missed="0" covered="27" /><counter type="METHOD" missed="0" covered="1" /><counter type="CLASS" missed="0" covered="1" /></sourcefile><sourcefile name="Invoke-LabDownloadResourceModule.ps1"><line nr="72" mi="0" ci="2" /><line nr="75" mi="0" ci="1" /><line nr="77" mi="0" ci="1" /><line nr="78" mi="0" ci="3" /><line nr="81" mi="0" ci="1" /><line nr="83" mi="0" ci="1" /><line nr="85" mi="0" ci="1" /><line nr="86" mi="0" ci="3" /><line nr="89" mi="0" ci="1" /><line nr="93" mi="0" ci="1" /><line nr="94" mi="0" ci="1" /><line nr="97" mi="0" ci="1" /><line nr="101" mi="0" ci="1" /><line nr="103" mi="0" ci="2" /><line nr="107" mi="0" ci="1" /><line nr="111" mi="0" ci="2" /><line nr="114" mi="0" ci="2" /><line nr="116" mi="0" ci="1" /><line nr="121" mi="0" ci="1" /><line nr="125" mi="0" ci="1" /><line nr="127" mi="0" ci="1" /><line nr="129" mi="1" ci="0" /><line nr="132" mi="0" ci="1" /><line nr="133" mi="0" ci="1" /><line nr="138" mi="0" ci="2" /><line nr="145" mi="0" ci="1" /><line nr="151" mi="0" ci="1" /><line nr="156" mi="0" ci="2" /><line nr="158" mi="0" ci="1" /><line nr="161" mi="0" ci="1" /><line nr="162" mi="0" ci="1" /><line nr="165" mi="0" ci="1" /><line nr="168" mi="0" ci="1" /><line nr="169" mi="0" ci="1" /><line nr="175" mi="0" ci="1" /><line nr="179" mi="0" ci="1" /><line nr="180" mi="0" ci="1" /><line nr="181" mi="0" ci="1" /><line nr="182" mi="0" ci="2" /><line nr="185" mi="0" ci="1" /><counter type="INSTRUCTION" missed="1" covered="50" /><counter type="LINE" missed="1" covered="39" /><counter type="METHOD" missed="0" covered="1" /><counter type="CLASS" missed="0" covered="1" /></sourcefile><sourcefile name="New-LabCredential.ps1"><line nr="22" mi="0" ci="1" /><line nr="24" mi="0" ci="2" /><line nr="26" mi="0" ci="1" /><counter type="INSTRUCTION" missed="0" covered="4" /><counter type="LINE" missed="0" covered="3" /><counter type="METHOD" missed="0" covered="1" /><counter type="CLASS" missed="0" covered="1" /></sourcefile><sourcefile name="New-LabException.ps1"><line nr="54" mi="0" ci="1" /><line nr="56" mi="0" ci="1" /><line nr="59" mi="0" ci="1" /><line nr="62" mi="1" ci="0" /><line nr="67" mi="0" ci="1" /><counter type="INSTRUCTION" missed="1" covered="4" /><counter type="LINE" missed="1" covered="4" /><counter type="METHOD" missed="0" covered="1" /><counter type="CLASS" missed="0" covered="1" /></sourcefile><sourcefile name="New-LabHostSelfSignedCertificate.ps1"><line nr="41" mi="1" ci="0" /><line nr="43" mi="1" ci="0" /><line nr="44" mi="2" ci="0" /><line nr="47" mi="1" ci="0" /><line nr="48" mi="1" ci="0" /><line nr="64" mi="1" ci="0" /><line nr="65" mi="1" ci="0" /><line nr="66" mi="2" ci="0" /><line nr="67" mi="1" ci="0" /><line nr="68" mi="1" ci="0" /><line nr="72" mi="1" ci="0" /><line nr="76" mi="1" ci="0" /><line nr="79" mi="1" ci="0" /><line nr="86" mi="1" ci="0" /><line nr="89" mi="1" ci="0" /><line nr="96" mi="2" ci="0" /><line nr="98" mi="2" ci="0" /><counter type="INSTRUCTION" missed="21" covered="0" /><counter type="LINE" missed="17" covered="0" /><counter type="METHOD" missed="1" covered="0" /><counter type="CLASS" missed="1" covered="0" /></sourcefile><sourcefile name="New-LabVMInitializationFile.ps1"><line nr="42" mi="1" ci="0" /><line nr="45" mi="1" ci="0" /><line nr="48" mi="1" ci="0" /><line nr="49" mi="1" ci="0" /><line nr="53" mi="1" ci="0" /><line nr="56" mi="1" ci="0" /><line nr="60" mi="1" ci="0" /><line nr="67" mi="1" ci="0" /><line nr="71" mi="1" ci="0" /><line nr="74" mi="1" ci="0" /><line nr="79" mi="1" ci="0" /><line nr="82" mi="1" ci="0" /><line nr="101" mi="1" ci="0" /><line nr="103" mi="1" ci="0" /><line nr="105" mi="2" ci="0" /><line nr="107" mi="1" ci="0" /><line nr="108" mi="1" ci="0" /><line nr="109" mi="1" ci="0" /><line nr="110" mi="2" ci="0" /><line nr="113" mi="1" ci="0" /><line nr="116" mi="1" ci="0" /><line nr="118" mi="1" ci="0" /><line nr="122" mi="1" ci="0" /><line nr="128" mi="1" ci="0" /><line nr="135" mi="1" ci="0" /><line nr="137" mi="1" ci="0" /><line nr="147" mi="1" ci="0" /><line nr="157" mi="1" ci="0" /><line nr="158" mi="1" ci="0" /><line nr="162" mi="1" ci="0" /><line nr="164" mi="1" ci="0" /><line nr="169" mi="1" ci="0" /><line nr="173" mi="1" ci="0" /><line nr="174" mi="1" ci="0" /><line nr="178" mi="1" ci="0" /><line nr="181" mi="1" ci="0" /><line nr="183" mi="1" ci="0" /><line nr="187" mi="1" ci="0" /><line nr="192" mi="1" ci="0" /><line nr="193" mi="2" ci="0" /><line nr="198" mi="2" ci="0" /><counter type="INSTRUCTION" missed="45" covered="0" /><counter type="LINE" missed="41" covered="0" /><counter type="METHOD" missed="1" covered="0" /><counter type="CLASS" missed="1" covered="0" /></sourcefile><sourcefile name="Recieve-LabSelfSignedCertificate.ps1"><line nr="50" mi="1" ci="0" /><line nr="51" mi="1" ci="0" /><line nr="52" mi="1" ci="0" /><line nr="55" mi="1" ci="0" /><line nr="57" mi="2" ci="0" /><line nr="58" mi="3" ci="0" /><line nr="60" mi="1" ci="0" /><line nr="65" mi="1" ci="0" /><line nr="67" mi="1" ci="0" /><line nr="68" mi="1" ci="0" /><line nr="69" mi="1" ci="0" /><line nr="70" mi="2" ci="0" /><line nr="73" mi="1" ci="0" /><line nr="77" mi="2" ci="0" /><line nr="78" mi="1" ci="0" /><line nr="79" mi="1" ci="0" /><line nr="82" mi="2" ci="0" /><line nr="83" mi="3" ci="0" /><line nr="87" mi="1" ci="0" /><line nr="92" mi="1" ci="0" /><line nr="96" mi="2" ci="0" /><line nr="99" mi="1" ci="0" /><line nr="105" mi="2" ci="0" /><line nr="106" mi="3" ci="0" /><line nr="109" mi="1" ci="0" /><line nr="113" mi="1" ci="0" /><line nr="114" mi="1" ci="0" /><line nr="115" mi="1" ci="0" /><line nr="116" mi="2" ci="0" /><line nr="119" mi="1" ci="0" /><line nr="123" mi="2" ci="0" /><line nr="124" mi="1" ci="0" /><line nr="125" mi="1" ci="0" /><line nr="128" mi="1" ci="0" /><line nr="134" mi="3" ci="0" /><counter type="INSTRUCTION" missed="51" covered="0" /><counter type="LINE" missed="35" covered="0" /><counter type="METHOD" missed="1" covered="0" /><counter type="CLASS" missed="1" covered="0" /></sourcefile><sourcefile name="Register-LabPackageSource.ps1"><line nr="28" mi="0" ci="1" /><line nr="29" mi="0" ci="1" /><line nr="30" mi="0" ci="1" /><line nr="31" mi="0" ci="1" /><line nr="32" mi="0" ci="1" /><line nr="35" mi="0" ci="1" /><line nr="36" mi="0" ci="1" /><line nr="37" mi="0" ci="1" /><line nr="41" mi="0" ci="1" /><line nr="43" mi="0" ci="1" /><line nr="45" mi="0" ci="1" /><line nr="46" mi="0" ci="1" /><line nr="47" mi="0" ci="1" /><line nr="50" mi="0" ci="1" /><line nr="52" mi="0" ci="1" /><line nr="54" mi="0" ci="1" /><line nr="55" mi="0" ci="1" /><line nr="59" mi="0" ci="2" /><line nr="62" mi="0" ci="1" /><line nr="71" mi="1" ci="0" /><line nr="72" mi="1" ci="0" /><line nr="73" mi="1" ci="0" /><line nr="74" mi="2" ci="0" /><line nr="77" mi="1" ci="0" /><line nr="84" mi="0" ci="1" /><line nr="85" mi="0" ci="1" /><line nr="88" mi="0" ci="2" /><line nr="91" mi="0" ci="1" /><line nr="102" mi="1" ci="0" /><line nr="103" mi="1" ci="0" /><line nr="104" mi="1" ci="0" /><line nr="105" mi="2" ci="0" /><line nr="108" mi="1" ci="0" /><counter type="INSTRUCTION" missed="12" covered="25" /><counter type="LINE" missed="10" covered="23" /><counter type="METHOD" missed="0" covered="1" /><counter type="CLASS" missed="0" covered="1" /></sourcefile><sourcefile name="Request-LabSelfSignedCertificate.ps1"><line nr="50" mi="1" ci="0" /><line nr="51" mi="1" ci="0" /><line nr="52" mi="1" ci="0" /><line nr="55" mi="1" ci="0" /><line nr="58" mi="1" ci="0" /><line nr="63" mi="1" ci="0" /><line nr="68" mi="2" ci="0" /><line nr="69" mi="3" ci="0" /><line nr="71" mi="1" ci="0" /><line nr="76" mi="1" ci="0" /><line nr="78" mi="1" ci="0" /><line nr="79" mi="1" ci="0" /><line nr="80" mi="1" ci="0" /><line nr="81" mi="2" ci="0" /><line nr="84" mi="1" ci="0" /><line nr="88" mi="1" ci="0" /><line nr="90" mi="2" ci="0" /><line nr="91" mi="1" ci="0" /><line nr="92" mi="1" ci="0" /><line nr="95" mi="2" ci="0" /><line nr="96" mi="3" ci="0" /><line nr="100" mi="1" ci="0" /><line nr="106" mi="1" ci="0" /><line nr="110" mi="2" ci="0" /><line nr="113" mi="1" ci="0" /><line nr="118" mi="1" ci="0" /><line nr="120" mi="2" ci="0" /><line nr="121" mi="1" ci="0" /><line nr="122" mi="1" ci="0" /><line nr="125" mi="2" ci="0" /><line nr="126" mi="3" ci="0" /><line nr="130" mi="1" ci="0" /><line nr="131" mi="1" ci="0" /><line nr="134" mi="1" ci="0" /><line nr="138" mi="2" ci="0" /><line nr="141" mi="1" ci="0" /><line nr="146" mi="1" ci="0" /><line nr="148" mi="2" ci="0" /><line nr="149" mi="1" ci="0" /><line nr="150" mi="1" ci="0" /><line nr="153" mi="2" ci="0" /><line nr="154" mi="3" ci="0" /><line nr="157" mi="1" ci="0" /><line nr="158" mi="1" ci="0" /><line nr="163" mi="1" ci="0" /><line nr="167" mi="2" ci="0" /><line nr="170" mi="1" ci="0" /><line nr="176" mi="2" ci="0" /><line nr="177" mi="3" ci="0" /><line nr="179" mi="1" ci="0" /><line nr="181" mi="1" ci="0" /><line nr="184" mi="1" ci="0" /><line nr="185" mi="1" ci="0" /><line nr="186" mi="1" ci="0" /><line nr="187" mi="2" ci="0" /><line nr="190" mi="1" ci="0" /><line nr="194" mi="2" ci="0" /><line nr="195" mi="1" ci="0" /><line nr="196" mi="1" ci="0" /><line nr="198" mi="1" ci="0" /><line nr="202" mi="3" ci="0" /><counter type="INSTRUCTION" missed="87" covered="0" /><counter type="LINE" missed="61" covered="0" /><counter type="METHOD" missed="1" covered="0" /><counter type="CLASS" missed="1" covered="0" /></sourcefile><sourcefile name="Set-LabDSC.ps1"><line nr="45" mi="1" ci="0" /><line nr="48" mi="1" ci="0" /><line nr="54" mi="1" ci="0" /><line nr="55" mi="2" ci="0" /><line nr="56" mi="2" ci="0" /><line nr="58" mi="1" ci="0" /><line nr="60" mi="2" ci="0" /><line nr="62" mi="1" ci="0" /><line nr="64" mi="1" ci="0" /><line nr="65" mi="1" ci="0" /><line nr="66" mi="1" ci="0" /><line nr="67" mi="2" ci="0" /><line nr="70" mi="1" ci="0" /><line nr="73" mi="1" ci="0" /><line nr="75" mi="1" ci="0" /><line nr="77" mi="1" ci="0" /><line nr="78" mi="1" ci="0" /><line nr="79" mi="1" ci="0" /><line nr="80" mi="2" ci="0" /><line nr="83" mi="1" ci="0" /><line nr="86" mi="1" ci="0" /><line nr="89" mi="1" ci="0" /><line nr="99" mi="1" ci="0" /><line nr="101" mi="2" ci="0" /><line nr="103" mi="1" ci="0" /><line nr="117" mi="1" ci="0" /><line nr="127" mi="1" ci="0" /><line nr="128" mi="1" ci="0" /><line nr="131" mi="1" ci="0" /><line nr="155" mi="1" ci="0" /><line nr="156" mi="1" ci="0" /><counter type="INSTRUCTION" missed="37" covered="0" /><counter type="LINE" missed="31" covered="0" /><counter type="METHOD" missed="1" covered="0" /><counter type="CLASS" missed="1" covered="0" /></sourcefile><sourcefile name="Set-LabModulesInDSCConfig.ps1"><line nr="58" mi="1" ci="0" /><line nr="60" mi="1" ci="0" /><line nr="63" mi="1" ci="0" /><line nr="64" mi="1" ci="0" /><line nr="66" mi="1" ci="0" /><line nr="68" mi="2" ci="0" /><line nr="69" mi="1" ci="0" /><line nr="71" mi="2" ci="0" /><line nr="74" mi="1" ci="0" /><line nr="77" mi="1" ci="0" /><line nr="79" mi="1" ci="0" /><line nr="81" mi="1" ci="0" /><line nr="84" mi="2" ci="0" /><line nr="89" mi="1" ci="0" /><line nr="90" mi="1" ci="0" /><line nr="95" mi="1" ci="0" /><line nr="97" mi="1" ci="0" /><line nr="100" mi="1" ci="0" /><line nr="106" mi="1" ci="0" /><line nr="108" mi="1" ci="0" /><line nr="110" mi="1" ci="0" /><line nr="111" mi="1" ci="0" /><line nr="112" mi="1" ci="0" /><line nr="113" mi="2" ci="0" /><line nr="115" mi="1" ci="0" /><line nr="119" mi="2" ci="0" /><line nr="124" mi="1" ci="0" /><line nr="128" mi="1" ci="0" /><counter type="INSTRUCTION" missed="33" covered="0" /><counter type="LINE" missed="28" covered="0" /><counter type="METHOD" missed="1" covered="0" /><counter type="CLASS" missed="1" covered="0" /></sourcefile><sourcefile name="Set-LabSwitchAdapter.ps1"><line nr="60" mi="1" ci="0" /><line nr="61" mi="1" ci="0" /><line nr="64" mi="1" ci="0" /><line nr="65" mi="1" ci="0" /><line nr="67" mi="1" ci="0" /><line nr="71" mi="1" ci="0" /><line nr="74" mi="1" ci="0" /><line nr="77" mi="2" ci="0" /><line nr="79" mi="1" ci="0" /><line nr="83" mi="1" ci="0" /><line nr="97" mi="1" ci="0" /><line nr="99" mi="1" ci="0" /><line nr="102" mi="1" ci="0" /><line nr="104" mi="1" ci="0" /><line nr="106" mi="1" ci="0" /><line nr="108" mi="1" ci="0" /><line nr="109" mi="1" ci="0" /><line nr="110" mi="1" ci="0" /><line nr="113" mi="1" ci="0" /><line nr="120" mi="1" ci="0" /><line nr="122" mi="1" ci="0" /><line nr="123" mi="1" ci="0" /><line nr="124" mi="1" ci="0" /><line nr="125" mi="1" ci="0" /><line nr="128" mi="1" ci="0" /><counter type="INSTRUCTION" missed="26" covered="0" /><counter type="LINE" missed="25" covered="0" /><counter type="METHOD" missed="1" covered="0" /><counter type="CLASS" missed="1" covered="0" /></sourcefile><sourcefile name="Start-LabDSC.ps1"><line nr="51" mi="1" ci="0" /><line nr="52" mi="1" ci="0" /><line nr="53" mi="1" ci="0" /><line nr="54" mi="1" ci="0" /><line nr="55" mi="1" ci="0" /><line nr="58" mi="1" ci="0" /><line nr="60" mi="2" ci="0" /><line nr="61" mi="3" ci="0" /><line nr="64" mi="1" ci="0" /><line nr="69" mi="1" ci="0" /><line nr="71" mi="1" ci="0" /><line nr="72" mi="1" ci="0" /><line nr="73" mi="1" ci="0" /><line nr="74" mi="2" ci="0" /><line nr="77" mi="1" ci="0" /><line nr="82" mi="2" ci="0" /><line nr="83" mi="1" ci="0" /><line nr="84" mi="1" ci="0" /><line nr="86" mi="1" ci="0" /><line nr="87" mi="1" ci="0" /><line nr="88" mi="1" ci="0" /><line nr="89" mi="1" ci="0" /><line nr="90" mi="1" ci="0" /><line nr="94" mi="2" ci="0" /><line nr="95" mi="3" ci="0" /><line nr="99" mi="2" ci="0" /><line nr="102" mi="1" ci="0" /><line nr="104" mi="2" ci="0" /><line nr="106" mi="1" ci="0" /><line nr="107" mi="1" ci="0" /><line nr="109" mi="1" ci="0" /><line nr="111" mi="2" ci="0" /><line nr="114" mi="1" ci="0" /><line nr="116" mi="1" ci="0" /><line nr="118" mi="1" ci="0" /><line nr="120" mi="1" ci="0" /><line nr="122" mi="1" ci="0" /><line nr="126" mi="2" ci="0" /><line nr="129" mi="1" ci="0" /><line nr="135" mi="2" ci="0" /><line nr="136" mi="3" ci="0" /><line nr="139" mi="1" ci="0" /><line nr="143" mi="1" ci="0" /><line nr="144" mi="1" ci="0" /><line nr="145" mi="1" ci="0" /><line nr="146" mi="2" ci="0" /><line nr="149" mi="1" ci="0" /><line nr="153" mi="2" ci="0" /><line nr="154" mi="1" ci="0" /><line nr="155" mi="1" ci="0" /><line nr="157" mi="1" ci="0" /><line nr="158" mi="1" ci="0" /><line nr="160" mi="1" ci="0" /><line nr="163" mi="1" ci="0" /><line nr="164" mi="2" ci="0" /><line nr="166" mi="1" ci="0" /><line nr="168" mi="1" ci="0" /><line nr="172" mi="1" ci="0" /><line nr="176" mi="2" ci="0" /><line nr="179" mi="1" ci="0" /><line nr="180" mi="1" ci="0" /><line nr="181" mi="1" ci="0" /><line nr="189" mi="2" ci="0" /><line nr="192" mi="1" ci="0" /><line nr="197" mi="1" ci="0" /><line nr="201" mi="2" ci="0" /><line nr="202" mi="3" ci="0" /><line nr="205" mi="1" ci="0" /><line nr="209" mi="1" ci="0" /><line nr="210" mi="1" ci="0" /><line nr="211" mi="1" ci="0" /><line nr="212" mi="2" ci="0" /><line nr="215" mi="1" ci="0" /><line nr="219" mi="2" ci="0" /><line nr="220" mi="1" ci="0" /><line nr="221" mi="1" ci="0" /><line nr="222" mi="1" ci="0" /><line nr="224" mi="2" ci="0" /><line nr="227" mi="1" ci="0" /><line nr="228" mi="1" ci="0" /><line nr="232" mi="1" ci="0" /><line nr="236" mi="1" ci="0" /><counter type="INSTRUCTION" missed="108" covered="0" /><counter type="LINE" missed="82" covered="0" /><counter type="METHOD" missed="1" covered="0" /><counter type="CLASS" missed="1" covered="0" /></sourcefile><sourcefile name="Update-LabDSC.ps1"><line nr="45" mi="1" ci="0" /><line nr="46" mi="1" ci="0" /><line nr="49" mi="1" ci="0" /><line nr="51" mi="1" ci="0" /><line nr="58" mi="1" ci="0" /><line nr="60" mi="2" ci="0" /><line nr="63" mi="1" ci="0" /><line nr="64" mi="1" ci="0" /><line nr="67" mi="1" ci="0" /><line nr="71" mi="1" ci="0" /><line nr="74" mi="1" ci="0" /><line nr="75" mi="2" ci="0" /><line nr="77" mi="1" ci="0" /><line nr="79" mi="1" ci="0" /><line nr="80" mi="2" ci="0" /><line nr="81" mi="1" ci="0" /><line nr="82" mi="1" ci="0" /><line nr="84" mi="1" ci="0" /><line nr="86" mi="1" ci="0" /><line nr="87" mi="3" ci="0" /><line nr="90" mi="1" ci="0" /><line nr="91" mi="1" ci="0" /><line nr="94" mi="1" ci="0" /><line nr="96" mi="1" ci="0" /><line nr="97" mi="3" ci="0" /><line nr="100" mi="1" ci="0" /><line nr="101" mi="1" ci="0" /><line nr="106" mi="1" ci="0" /><line nr="107" mi="1" ci="0" /><line nr="111" mi="2" ci="0" /><line nr="112" mi="1" ci="0" /><line nr="113" mi="1" ci="0" /><line nr="114" mi="1" ci="0" /><line nr="116" mi="1" ci="0" /><line nr="120" mi="1" ci="0" /><line nr="125" mi="2" ci="0" /><line nr="128" mi="1" ci="0" /><line nr="131" mi="1" ci="0" /><line nr="133" mi="2" ci="0" /><line nr="138" mi="2" ci="0" /><line nr="142" mi="1" ci="0" /><line nr="143" mi="1" ci="0" /><line nr="144" mi="1" ci="0" /><line nr="145" mi="2" ci="0" /><line nr="148" mi="1" ci="0" /><line nr="153" mi="1" ci="0" /><line nr="154" mi="1" ci="0" /><line nr="155" mi="1" ci="0" /><line nr="156" mi="2" ci="0" /><line nr="159" mi="1" ci="0" /><line nr="162" mi="1" ci="0" /><line nr="165" mi="2" ci="0" /><line nr="169" mi="1" ci="0" /><line nr="171" mi="1" ci="0" /><line nr="173" mi="1" ci="0" /><line nr="175" mi="1" ci="0" /><line nr="179" mi="1" ci="0" /><line nr="186" mi="2" ci="0" /><line nr="188" mi="1" ci="0" /><line nr="189" mi="1" ci="0" /><line nr="190" mi="1" ci="0" /><line nr="191" mi="2" ci="0" /><line nr="194" mi="1" ci="0" /><line nr="197" mi="1" ci="0" /><line nr="199" mi="2" ci="0" /><line nr="202" mi="1" ci="0" /><line nr="205" mi="2" ci="0" /><line nr="207" mi="1" ci="0" /><line nr="215" mi="1" ci="0" /><line nr="218" mi="2" ci="0" /><line nr="220" mi="1" ci="0" /><line nr="221" mi="1" ci="0" /><line nr="222" mi="1" ci="0" /><line nr="223" mi="2" ci="0" /><line nr="226" mi="1" ci="0" /><line nr="230" mi="1" ci="0" /><line nr="231" mi="2" ci="0" /><line nr="232" mi="1" ci="0" /><line nr="236" mi="1" ci="0" /><line nr="239" mi="1" ci="0" /><line nr="242" mi="1" ci="0" /><line nr="245" mi="1" ci="0" /><line nr="247" mi="1" ci="0" /><line nr="248" mi="2" ci="0" /><line nr="251" mi="2" ci="0" /><line nr="253" mi="1" ci="0" /><line nr="255" mi="1" ci="0" /><line nr="258" mi="2" ci="0" /><line nr="260" mi="1" ci="0" /><line nr="261" mi="1" ci="0" /><line nr="262" mi="1" ci="0" /><line nr="263" mi="2" ci="0" /><line nr="266" mi="1" ci="0" /><line nr="270" mi="2" ci="0" /><line nr="273" mi="1" ci="0" /><line nr="275" mi="1" ci="0" /><line nr="278" mi="1" ci="0" /><line nr="281" mi="1" ci="0" /><line nr="282" mi="1" ci="0" /><line nr="287" mi="1" ci="0" /><line nr="291" mi="2" ci="0" /><line nr="295" mi="1" ci="0" /><line nr="296" mi="1" ci="0" /><line nr="298" mi="1" ci="0" /><line nr="300" mi="1" ci="0" /><line nr="305" mi="1" ci="0" /><line nr="306" mi="1" ci="0" /><line nr="307" mi="1" ci="0" /><line nr="308" mi="2" ci="0" /><line nr="311" mi="1" ci="0" /><line nr="316" mi="1" ci="0" /><line nr="322" mi="1" ci="0" /><line nr="324" mi="1" ci="0" /><line nr="326" mi="2" ci="0" /><line nr="329" mi="1" ci="0" /><line nr="333" mi="1" ci="0" /><line nr="336" mi="1" ci="0" /><line nr="337" mi="1" ci="0" /><line nr="343" mi="1" ci="0" /><line nr="347" mi="1" ci="0" /><line nr="349" mi="1" ci="0" /><line nr="354" mi="1" ci="0" /><line nr="357" mi="1" ci="0" /><line nr="360" mi="1" ci="0" /><line nr="365" mi="2" ci="0" /><line nr="367" mi="1" ci="0" /><line nr="368" mi="1" ci="0" /><line nr="369" mi="1" ci="0" /><line nr="370" mi="2" ci="0" /><line nr="372" mi="1" ci="0" /><line nr="376" mi="1" ci="0" /><line nr="380" mi="2" ci="0" /><line nr="383" mi="2" ci="0" /><line nr="384" mi="1" ci="0" /><line nr="389" mi="1" ci="0" /><line nr="392" mi="1" ci="0" /><line nr="397" mi="1" ci="0" /><line nr="399" mi="2" ci="0" /><line nr="400" mi="1" ci="0" /><line nr="405" mi="1" ci="0" /><line nr="408" mi="1" ci="0" /><counter type="INSTRUCTION" missed="175" covered="0" /><counter type="LINE" missed="141" covered="0" /><counter type="METHOD" missed="1" covered="0" /><counter type="CLASS" missed="1" covered="0" /></sourcefile><sourcefile name="Update-LabVMDataDisk.ps1"><line nr="50" mi="1" ci="0" /><line nr="56" mi="1" ci="0" /><line nr="59" mi="1" ci="0" /><line nr="63" mi="2" ci="0" /><line nr="65" mi="1" ci="0" /><line nr="66" mi="1" ci="0" /><line nr="68" mi="2" ci="0" /><line nr="72" mi="1" ci="0" /><line nr="75" mi="2" ci="0" /><line nr="76" mi="1" ci="0" /><line nr="79" mi="1" ci="0" /><line nr="80" mi="1" ci="0" /><line nr="81" mi="1" ci="0" /><line nr="82" mi="2" ci="0" /><line nr="85" mi="1" ci="0" /><line nr="89" mi="1" ci="0" /><line nr="91" mi="1" ci="0" /><line nr="94" mi="2" ci="0" /><line nr="97" mi="1" ci="0" /><line nr="101" mi="1" ci="0" /><line nr="107" mi="1" ci="0" /><line nr="108" mi="1" ci="0" /><line nr="109" mi="1" ci="0" /><line nr="110" mi="2" ci="0" /><line nr="113" mi="1" ci="0" /><line nr="120" mi="1" ci="0" /><line nr="121" mi="1" ci="0" /><line nr="124" mi="2" ci="0" /><line nr="126" mi="1" ci="0" /><line nr="127" mi="1" ci="0" /><line nr="128" mi="1" ci="0" /><line nr="129" mi="2" ci="0" /><line nr="132" mi="1" ci="0" /><line nr="136" mi="1" ci="0" /><line nr="138" mi="2" ci="0" /><line nr="141" mi="1" ci="0" /><line nr="149" mi="2" ci="0" /><line nr="152" mi="1" ci="0" /><line nr="161" mi="1" ci="0" /><line nr="163" mi="1" ci="0" /><line nr="168" mi="2" ci="0" /><line nr="171" mi="1" ci="0" /><line nr="182" mi="2" ci="0" /><line nr="185" mi="1" ci="0" /><line nr="199" mi="1" ci="0" /><line nr="200" mi="1" ci="0" /><line nr="202" mi="1" ci="0" /><line nr="203" mi="1" ci="0" /><line nr="204" mi="1" ci="0" /><line nr="205" mi="2" ci="0" /><line nr="208" mi="1" ci="0" /><line nr="210" mi="2" ci="0" /><line nr="212" mi="1" ci="0" /><line nr="213" mi="1" ci="0" /><line nr="214" mi="1" ci="0" /><line nr="215" mi="2" ci="0" /><line nr="218" mi="1" ci="0" /><line nr="222" mi="2" ci="0" /><line nr="225" mi="1" ci="0" /><line nr="236" mi="1" ci="0" /><line nr="237" mi="1" ci="0" /><line nr="238" mi="1" ci="0" /><line nr="239" mi="2" ci="0" /><line nr="242" mi="1" ci="0" /><line nr="248" mi="1" ci="0" /><line nr="255" mi="1" ci="0" /><line nr="257" mi="1" ci="0" /><line nr="261" mi="2" ci="0" /><line nr="263" mi="1" ci="0" /><line nr="269" mi="1" ci="0" /><line nr="270" mi="1" ci="0" /><line nr="271" mi="1" ci="0" /><line nr="275" mi="1" ci="0" /><line nr="278" mi="1" ci="0" /><line nr="279" mi="1" ci="0" /><line nr="280" mi="1" ci="0" /><line nr="284" mi="1" ci="0" /><line nr="286" mi="1" ci="0" /><line nr="287" mi="1" ci="0" /><line nr="292" mi="2" ci="0" /><line nr="295" mi="1" ci="0" /><line nr="300" mi="2" ci="0" /><line nr="302" mi="2" ci="0" /><line nr="305" mi="1" ci="0" /><line nr="313" mi="2" ci="0" /><line nr="316" mi="1" ci="0" /><line nr="326" mi="1" ci="0" /><line nr="328" mi="1" ci="0" /><line nr="329" mi="1" ci="0" /><line nr="330" mi="1" ci="0" /><line nr="331" mi="1" ci="0" /><line nr="334" mi="1" ci="0" /><line nr="336" mi="1" ci="0" /><line nr="337" mi="1" ci="0" /><line nr="341" mi="2" ci="0" /><line nr="344" mi="1" ci="0" /><line nr="349" mi="2" ci="0" /><line nr="352" mi="1" ci="0" /><line nr="360" mi="1" ci="0" /><line nr="364" mi="3" ci="0" /><line nr="367" mi="2" ci="0" /><line nr="374" mi="2" ci="0" /><line nr="375" mi="1" ci="0" /><line nr="377" mi="1" ci="0" /><line nr="378" mi="1" ci="0" /><line nr="379" mi="1" ci="0" /><line nr="380" mi="1" ci="0" /><line nr="381" mi="1" ci="0" /><line nr="382" mi="1" ci="0" /><line nr="383" mi="1" ci="0" /><line nr="385" mi="1" ci="0" /><line nr="387" mi="1" ci="0" /><line nr="388" mi="1" ci="0" /><line nr="392" mi="4" ci="0" /><line nr="394" mi="1" ci="0" /><counter type="INSTRUCTION" missed="146" covered="0" /><counter type="LINE" missed="115" covered="0" /><counter type="METHOD" missed="1" covered="0" /><counter type="CLASS" missed="1" covered="0" /></sourcefile><sourcefile name="Update-LabVMDvdDrive.ps1"><line nr="49" mi="1" ci="0" /><line nr="54" mi="1" ci="0" /><line nr="55" mi="2" ci="0" /><line nr="58" mi="2" ci="0" /><line nr="62" mi="1" ci="0" /><line nr="65" mi="1" ci="0" /><line nr="67" mi="1" ci="0" /><line nr="69" mi="2" ci="0" /><line nr="74" mi="2" ci="0" /><line nr="77" mi="1" ci="0" /><line nr="87" mi="2" ci="0" /><line nr="90" mi="1" ci="0" /><line nr="91" mi="1" ci="0" /><line nr="92" mi="1" ci="0" /><line nr="95" mi="1" ci="0" /><line nr="97" mi="2" ci="0" /><line nr="100" mi="1" ci="0" /><line nr="101" mi="1" ci="0" /><line nr="104" mi="1" ci="0" /><line nr="106" mi="1" ci="0" /><counter type="INSTRUCTION" missed="26" covered="0" /><counter type="LINE" missed="20" covered="0" /><counter type="METHOD" missed="1" covered="0" /><counter type="CLASS" missed="1" covered="0" /></sourcefile><sourcefile name="Update-LabVMIntegrationService.ps1"><line nr="55" mi="1" ci="0" /><line nr="56" mi="1" ci="0" /><line nr="59" mi="3" ci="0" /><line nr="62" mi="1" ci="0" /><line nr="63" mi="1" ci="0" /><line nr="68" mi="1" ci="0" /><line nr="70" mi="1" ci="0" /><line nr="73" mi="1" ci="0" /><line nr="76" mi="2" ci="0" /><line nr="78" mi="2" ci="0" /><line nr="85" mi="1" ci="0" /><line nr="88" mi="2" ci="0" /><line nr="90" mi="2" ci="0" /><counter type="INSTRUCTION" missed="19" covered="0" /><counter type="LINE" missed="13" covered="0" /><counter type="METHOD" missed="1" covered="0" /><counter type="CLASS" missed="1" covered="0" /></sourcefile><sourcefile name="Wait-LabVMInitializationComplete.ps1"><line nr="47" mi="1" ci="0" /><line nr="48" mi="1" ci="0" /><line nr="49" mi="1" ci="0" /><line nr="52" mi="1" ci="0" /><line nr="55" mi="1" ci="0" /><line nr="58" mi="1" ci="0" /><line nr="60" mi="1" ci="0" /><line nr="65" mi="1" ci="0" /><line nr="67" mi="2" ci="0" /><line nr="69" mi="1" ci="0" /><line nr="72" mi="2" ci="0" /><line nr="73" mi="3" ci="0" /><line nr="76" mi="1" ci="0" /><line nr="81" mi="1" ci="0" /><line nr="83" mi="1" ci="0" /><line nr="84" mi="1" ci="0" /><line nr="85" mi="1" ci="0" /><line nr="86" mi="2" ci="0" /><line nr="89" mi="1" ci="0" /><line nr="93" mi="2" ci="0" /><line nr="94" mi="1" ci="0" /><line nr="95" mi="1" ci="0" /><line nr="98" mi="2" ci="0" /><line nr="99" mi="3" ci="0" /><line nr="103" mi="1" ci="0" /><line nr="109" mi="1" ci="0" /><line nr="113" mi="2" ci="0" /><line nr="115" mi="1" ci="0" /><line nr="122" mi="2" ci="0" /><line nr="123" mi="3" ci="0" /><line nr="126" mi="1" ci="0" /><line nr="130" mi="1" ci="0" /><line nr="131" mi="1" ci="0" /><line nr="132" mi="1" ci="0" /><line nr="133" mi="2" ci="0" /><line nr="136" mi="1" ci="0" /><line nr="140" mi="2" ci="0" /><line nr="141" mi="1" ci="0" /><line nr="144" mi="1" ci="0" /><line nr="150" mi="1" ci="0" /><counter type="INSTRUCTION" missed="55" covered="0" /><counter type="LINE" missed="40" covered="0" /><counter type="METHOD" missed="1" covered="0" /><counter type="CLASS" missed="1" covered="0" /></sourcefile><sourcefile name="Wait-LabVMOff.ps1"><line nr="21" mi="1" ci="0" /><line nr="22" mi="1" ci="0" /><line nr="24" mi="1" ci="0" /><line nr="25" mi="1" ci="0" /><counter type="INSTRUCTION" missed="4" covered="0" /><counter type="LINE" missed="4" covered="0" /><counter type="METHOD" missed="1" covered="0" /><counter type="CLASS" missed="1" covered="0" /></sourcefile><sourcefile name="Wait-LabVMStarted.ps1"><line nr="22" mi="2" ci="0" /><line nr="23" mi="1" ci="0" /><line nr="24" mi="1" ci="0" /><line nr="25" mi="1" ci="0" /><line nr="26" mi="2" ci="0" /><line nr="29" mi="1" ci="0" /><line nr="33" mi="4" ci="0" /><line nr="34" mi="1" ci="0" /><line nr="36" mi="3" ci="0" /><line nr="38" mi="1" ci="0" /><line nr="40" mi="2" ci="0" /><line nr="43" mi="1" ci="0" /><counter type="INSTRUCTION" missed="20" covered="0" /><counter type="LINE" missed="12" covered="0" /><counter type="METHOD" missed="1" covered="0" /><counter type="CLASS" missed="1" covered="0" /></sourcefile><sourcefile name="Write-LabMessage.ps1"><line nr="51" mi="0" ci="1" /><line nr="53" mi="0" ci="1" /><line nr="57" mi="0" ci="1" /><line nr="63" mi="0" ci="2" /><line nr="69" mi="0" ci="2" /><line nr="75" mi="0" ci="2" /><line nr="81" mi="0" ci="2" /><line nr="87" mi="0" ci="1" /><counter type="INSTRUCTION" missed="0" covered="12" /><counter type="LINE" missed="0" covered="8" /><counter type="METHOD" missed="0" covered="1" /><counter type="CLASS" missed="0" covered="1" /></sourcefile><counter type="INSTRUCTION" missed="1357" covered="207" /><counter type="LINE" missed="1081" covered="172" /><counter type="METHOD" missed="29" covered="15" /><counter type="CLASS" missed="28" covered="15" /></package><package name="lib/public"><class name="lib/public/Connect-LabVm" sourcefilename="Connect-LabVm.ps1"><method name="Connect-LabVM" desc="()" line="19"><counter type="INSTRUCTION" missed="42" covered="0" /><counter type="LINE" missed="29" covered="0" /><counter type="METHOD" missed="1" covered="0" /></method><counter type="INSTRUCTION" missed="42" covered="0" /><counter type="LINE" missed="29" covered="0" /><counter type="METHOD" missed="1" covered="0" /><counter type="CLASS" missed="1" covered="0" /></class><class name="lib/public/Disconnect-LabVm" sourcefilename="Disconnect-LabVm.ps1"><method name="Disconnect-LabVM" desc="()" line="12"><counter type="INSTRUCTION" missed="28" covered="0" /><counter type="LINE" missed="17" covered="0" /><counter type="METHOD" missed="1" covered="0" /></method><counter type="INSTRUCTION" missed="28" covered="0" /><counter type="LINE" missed="17" covered="0" /><counter type="METHOD" missed="1" covered="0" /><counter type="CLASS" missed="1" covered="0" /></class><class name="lib/public/Get-Lab" sourcefilename="Get-Lab.ps1"><method name="Get-Lab" desc="()" line="30"><counter type="INSTRUCTION" missed="24" covered="40" /><counter type="LINE" missed="21" covered="38" /><counter type="METHOD" missed="0" covered="1" /></method><counter type="INSTRUCTION" missed="24" covered="40" /><counter type="LINE" missed="21" covered="38" /><counter type="METHOD" missed="0" covered="1" /><counter type="CLASS" missed="0" covered="1" /></class><class name="lib/public/Get-LabResourceIso" sourcefilename="Get-LabResourceIso.ps1"><method name="Get-LabResourceISO" desc="()" line="26"><counter type="INSTRUCTION" missed="33" covered="0" /><counter type="LINE" missed="29" covered="0" /><counter type="METHOD" missed="1" covered="0" /></method><counter type="INSTRUCTION" missed="33" covered="0" /><counter type="LINE" missed="29" covered="0" /><counter type="METHOD" missed="1" covered="0" /><counter type="CLASS" missed="1" covered="0" /></class><class name="lib/public/Get-LabResourceModule" sourcefilename="Get-LabResourceModule.ps1"><method name="Get-LabResourceModule" desc="()" line="19"><counter type="INSTRUCTION" missed="21" covered="0" /><counter type="LINE" missed="18" covered="0" /><counter type="METHOD" missed="1" covered="0" /></method><counter type="INSTRUCTION" missed="21" covered="0" /><counter type="LINE" missed="18" covered="0" /><counter type="METHOD" missed="1" covered="0" /><counter type="CLASS" missed="1" covered="0" /></class><class name="lib/public/Get-LabResourceMsu" sourcefilename="Get-LabResourceMsu.ps1"><method name="Get-LabResourceMSU" desc="()" line="19"><counter type="INSTRUCTION" missed="25" covered="0" /><counter type="LINE" missed="22" covered="0" /><counter type="METHOD" missed="1" covered="0" /></method><counter type="INSTRUCTION" missed="25" covered="0" /><counter type="LINE" missed="22" covered="0" /><counter type="METHOD" missed="1" covered="0" /><counter type="CLASS" missed="1" covered="0" /></class><class name="lib/public/Get-LabSwitch" sourcefilename="Get-LabSwitch.ps1"><method name="Get-LabSwitch" desc="()" line="19"><counter type="INSTRUCTION" missed="58" covered="0" /><counter type="LINE" missed="48" covered="0" /><counter type="METHOD" missed="1" covered="0" /></method><counter type="INSTRUCTION" missed="58" covered="0" /><counter type="LINE" missed="48" covered="0" /><counter type="METHOD" missed="1" covered="0" /><counter type="CLASS" missed="1" covered="0" /></class><class name="lib/public/Get-LabVm" sourcefilename="Get-LabVm.ps1"><method name="Get-LabVM" desc="()" line="30"><counter type="INSTRUCTION" missed="473" covered="0" /><counter type="LINE" missed="413" covered="0" /><counter type="METHOD" missed="1" covered="0" /></method><counter type="INSTRUCTION" missed="473" covered="0" /><counter type="LINE" missed="413" covered="0" /><counter type="METHOD" missed="1" covered="0" /><counter type="CLASS" missed="1" covered="0" /></class><class name="lib/public/Get-LabVMTemplate" sourcefilename="Get-LabVMTemplate.ps1"><method name="Get-LabVMTemplate" desc="()" line="24"><counter type="INSTRUCTION" missed="130" covered="0" /><counter type="LINE" missed="112" covered="0" /><counter type="METHOD" missed="1" covered="0" /></method><counter type="INSTRUCTION" missed="130" covered="0" /><counter type="LINE" missed="112" covered="0" /><counter type="METHOD" missed="1" covered="0" /><counter type="CLASS" missed="1" covered="0" /></class><class name="lib/public/Get-LabVmTemplateVhd" sourcefilename="Get-LabVmTemplateVhd.ps1"><method name="Get-LabVMTemplateVHD" desc="()" line="20"><counter type="INSTRUCTION" missed="150" covered="0" /><counter type="LINE" missed="127" covered="0" /><counter type="METHOD" missed="1" covered="0" /></method><counter type="INSTRUCTION" missed="150" covered="0" /><counter type="LINE" missed="127" covered="0" /><counter type="METHOD" missed="1" covered="0" /><counter type="CLASS" missed="1" covered="0" /></class><class name="lib/public/Initialize-LabResourceIso" sourcefilename="Initialize-LabResourceIso.ps1"><method name="Initialize-LabResourceISO" desc="()" line="23"><counter type="INSTRUCTION" missed="33" covered="0" /><counter type="LINE" missed="26" covered="0" /><counter type="METHOD" missed="1" covered="0" /></method><counter type="INSTRUCTION" missed="33" covered="0" /><counter type="LINE" missed="26" covered="0" /><counter type="METHOD" missed="1" covered="0" /><counter type="CLASS" missed="1" covered="0" /></class><class name="lib/public/Initialize-LabResourceModule" sourcefilename="Initialize-LabResourceModule.ps1"><method name="Initialize-LabResourceModule" desc="()" line="23"><counter type="INSTRUCTION" missed="21" covered="0" /><counter type="LINE" missed="15" covered="0" /><counter type="METHOD" missed="1" covered="0" /></method><counter type="INSTRUCTION" missed="21" covered="0" /><counter type="LINE" missed="15" covered="0" /><counter type="METHOD" missed="1" covered="0" /><counter type="CLASS" missed="1" covered="0" /></class><class name="lib/public/Initialize-LabResourceMsu" sourcefilename="Initialize-LabResourceMsu.ps1"><method name="Initialize-LabResourceMSU" desc="()" line="23"><counter type="INSTRUCTION" missed="10" covered="0" /><counter type="LINE" missed="8" covered="0" /><counter type="METHOD" missed="1" covered="0" /></method><counter type="INSTRUCTION" missed="10" covered="0" /><counter type="LINE" missed="8" covered="0" /><counter type="METHOD" missed="1" covered="0" /><counter type="CLASS" missed="1" covered="0" /></class><class name="lib/public/Initialize-LabSwitch" sourcefilename="Initialize-LabSwitch.ps1"><method name="Initialize-LabSwitch" desc="()" line="23"><counter type="INSTRUCTION" missed="168" covered="0" /><counter type="LINE" missed="131" covered="0" /><counter type="METHOD" missed="1" covered="0" /></method><counter type="INSTRUCTION" missed="168" covered="0" /><counter type="LINE" missed="131" covered="0" /><counter type="METHOD" missed="1" covered="0" /><counter type="CLASS" missed="1" covered="0" /></class><class name="lib/public/Initialize-LabVm" sourcefilename="Initialize-LabVm.ps1"><method name="Initialize-LabVM" desc="()" line="23"><counter type="INSTRUCTION" missed="121" covered="0" /><counter type="LINE" missed="87" covered="0" /><counter type="METHOD" missed="1" covered="0" /></method><counter type="INSTRUCTION" missed="121" covered="0" /><counter type="LINE" missed="87" covered="0" /><counter type="METHOD" missed="1" covered="0" /><counter type="CLASS" missed="1" covered="0" /></class><class name="lib/public/Initialize-LabVmTemplate" sourcefilename="Initialize-LabVmTemplate.ps1"><method name="Initialize-LabVMTemplate" desc="()" line="27"><counter type="INSTRUCTION" missed="86" covered="0" /><counter type="LINE" missed="66" covered="0" /><counter type="METHOD" missed="1" covered="0" /></method><counter type="INSTRUCTION" missed="86" covered="0" />
[...]
1" ci="0" /><line nr="240" mi="1" ci="0" /><line nr="241" mi="1" ci="0" /><line nr="245" mi="2" ci="0" /><line nr="249" mi="1" ci="0" /><line nr="251" mi="3" ci="0" /><line nr="253" mi="2" ci="0" /><line nr="256" mi="1" ci="0" /><line nr="262" mi="1" ci="0" /><line nr="265" mi="1" ci="0" /><line nr="267" mi="1" ci="0" /><line nr="268" mi="1" ci="0" /><line nr="272" mi="2" ci="0" /><line nr="277" mi="1" ci="0" /><line nr="278" mi="1" ci="0" /><line nr="281" mi="2" ci="0" /><line nr="285" mi="1" ci="0" /><line nr="287" mi="1" ci="0" /><line nr="288" mi="1" ci="0" /><line nr="293" mi="1" ci="0" /><line nr="294" mi="1" ci="0" /><line nr="299" mi="6" ci="0" /><line nr="301" mi="1" ci="0" /><line nr="302" mi="1" ci="0" /><line nr="305" mi="1" ci="0" /><line nr="307" mi="3" ci="0" /><line nr="308" mi="1" ci="0" /><line nr="309" mi="1" ci="0" /><line nr="314" mi="1" ci="0" /><counter type="INSTRUCTION" missed="121" covered="0" /><counter type="LINE" missed="87" covered="0" /><counter type="METHOD" missed="1" covered="0" /><counter type="CLASS" missed="1" covered="0" /></sourcefile><sourcefile name="Initialize-LabVmTemplate.ps1"><line nr="27" mi="1" ci="0" /><line nr="29" mi="1" ci="0" /><line nr="33" mi="1" ci="0" /><line nr="38" mi="1" ci="0" /><line nr="40" mi="2" ci="0" /><line nr="46" mi="2" ci="0" /><line nr="50" mi="2" ci="0" /><line nr="53" mi="1" ci="0" /><line nr="54" mi="1" ci="0" /><line nr="55" mi="1" ci="0" /><line nr="56" mi="2" ci="0" /><line nr="59" mi="1" ci="0" /><line nr="62" mi="2" ci="0" /><line nr="64" mi="1" ci="0" /><line nr="69" mi="1" ci="0" /><line nr="71" mi="1" ci="0" /><line nr="74" mi="2" ci="0" /><line nr="78" mi="1" ci="0" /><line nr="79" mi="1" ci="0" /><line nr="82" mi="2" ci="0" /><line nr="84" mi="1" ci="0" /><line nr="90" mi="1" ci="0" /><line nr="96" mi="2" ci="0" /><line nr="99" mi="1" ci="0" /><line nr="102" mi="1" ci="0" /><line nr="105" mi="1" ci="0" /><line nr="106" mi="1" ci="0" /><line nr="108" mi="1" ci="0" /><line nr="111" mi="1" ci="0" /><line nr="115" mi="1" ci="0" /><line nr="118" mi="2" ci="0" /><line nr="120" mi="1" ci="0" /><line nr="123" mi="1" ci="0" /><line nr="128" mi="1" ci="0" /><line nr="129" mi="1" ci="0" /><line nr="130" mi="1" ci="0" /><line nr="131" mi="2" ci="0" /><line nr="134" mi="1" ci="0" /><line nr="137" mi="1" ci="0" /><line nr="138" mi="2" ci="0" /><line nr="141" mi="2" ci="0" /><line nr="143" mi="1" ci="0" /><line nr="146" mi="1" ci="0" /><line nr="151" mi="1" ci="0" /><line nr="152" mi="1" ci="0" /><line nr="153" mi="1" ci="0" /><line nr="154" mi="2" ci="0" /><line nr="157" mi="1" ci="0" /><line nr="161" mi="2" ci="0" /><line nr="164" mi="1" ci="0" /><line nr="170" mi="2" ci="0" /><line nr="172" mi="1" ci="0" /><line nr="175" mi="1" ci="0" /><line nr="182" mi="2" ci="0" /><line nr="184" mi="1" ci="0" /><line nr="188" mi="1" ci="0" /><line nr="191" mi="2" ci="0" /><line nr="193" mi="1" ci="0" /><line nr="200" mi="2" ci="0" /><line nr="206" mi="1" ci="0" /><line nr="208" mi="1" ci="0" /><line nr="209" mi="1" ci="0" /><line nr="212" mi="1" ci="0" /><line nr="216" mi="2" ci="0" /><line nr="218" mi="2" ci="0" /><line nr="220" mi="1" ci="0" /><counter type="INSTRUCTION" missed="86" covered="0" /><counter type="LINE" missed="66" covered="0" /><counter type="METHOD" missed="1" covered="0" /><counter type="CLASS" missed="1" covered="0" /></sourcefile><sourcefile name="Initialize-LabVmTemplateVhd.ps1"><line nr="22" mi="1" ci="0" /><line nr="24" mi="1" ci="0" /><line nr="29" mi="1" ci="0" /><line nr="34" mi="1" ci="0" /><line nr="37" mi="1" ci="0" /><line nr="39" mi="1" ci="0" /><line nr="42" mi="2" ci="0" /><line nr="44" mi="1" ci="0" /><line nr="45" mi="1" ci="0" /><line nr="46" mi="1" ci="0" /><line nr="47" mi="2" ci="0" /><line nr="50" mi="1" ci="0" /><line nr="54" mi="1" ci="0" /><line nr="56" mi="1" ci="0" /><line nr="57" mi="2" ci="0" /><line nr="63" mi="1" ci="0" /><line nr="65" mi="2" ci="0" /><line nr="68" mi="2" ci="0" /><line nr="75" mi="2" ci="0" /><line nr="79" mi="1" ci="0" /><line nr="80" mi="2" ci="0" /><line nr="82" mi="1" ci="0" /><line nr="83" mi="1" ci="0" /><line nr="84" mi="1" ci="0" /><line nr="85" mi="2" ci="0" /><line nr="88" mi="1" ci="0" /><line nr="92" mi="2" ci="0" /><line nr="95" mi="1" ci="0" /><line nr="101" mi="1" ci="0" /><line nr="104" mi="1" ci="0" /><line nr="105" mi="1" ci="0" /><line nr="106" mi="1" ci="0" /><line nr="108" mi="1" ci="0" /><line nr="109" mi="1" ci="0" /><line nr="110" mi="1" ci="0" /><line nr="111" mi="2" ci="0" /><line nr="114" mi="1" ci="0" /><line nr="116" mi="1" ci="0" /><line nr="117" mi="1" ci="0" /><line nr="119" mi="1" ci="0" /><line nr="120" mi="1" ci="0" /><line nr="121" mi="1" ci="0" /><line nr="122" mi="2" ci="0" /><line nr="125" mi="1" ci="0" /><line nr="127" mi="2" ci="0" /><line nr="130" mi="1" ci="0" /><line nr="131" mi="1" ci="0" /><line nr="133" mi="1" ci="0" /><line nr="138" mi="1" ci="0" /><line nr="139" mi="1" ci="0" /><line nr="140" mi="1" ci="0" /><line nr="141" mi="1" ci="0" /><line nr="143" mi="1" ci="0" /><line nr="146" mi="1" ci="0" /><line nr="149" mi="1" ci="0" /><line nr="151" mi="2" ci="0" /><line nr="156" mi="1" ci="0" /><line nr="157" mi="1" ci="0" /><line nr="158" mi="1" ci="0" /><line nr="159" mi="1" ci="0" /><line nr="162" mi="1" ci="0" /><line nr="163" mi="1" ci="0" /><line nr="164" mi="1" ci="0" /><line nr="168" mi="1" ci="0" /><line nr="170" mi="1" ci="0" /><line nr="171" mi="1" ci="0" /><line nr="176" mi="1" ci="0" /><line nr="178" mi="2" ci="0" /><line nr="179" mi="1" ci="0" /><line nr="180" mi="1" ci="0" /><line nr="185" mi="1" ci="0" /><line nr="187" mi="1" ci="0" /><line nr="188" mi="1" ci="0" /><line nr="193" mi="1" ci="0" /><line nr="198" mi="1" ci="0" /><line nr="202" mi="1" ci="0" /><line nr="206" mi="2" ci="0" /><line nr="208" mi="2" ci="0" /><line nr="210" mi="1" ci="0" /><line nr="215" mi="1" ci="0" /><line nr="222" mi="1" ci="0" /><line nr="224" mi="1" ci="0" /><line nr="227" mi="1" ci="0" /><line nr="232" mi="2" ci="0" /><line nr="234" mi="2" ci="0" /><line nr="235" mi="1" ci="0" /><line nr="239" mi="1" ci="0" /><line nr="243" mi="2" ci="0" /><line nr="245" mi="1" ci="0" /><line nr="246" mi="1" ci="0" /><line nr="247" mi="1" ci="0" /><line nr="248" mi="2" ci="0" /><line nr="251" mi="1" ci="0" /><line nr="253" mi="2" ci="0" /><line nr="256" mi="2" ci="0" /><line nr="257" mi="1" ci="0" /><line nr="259" mi="1" ci="0" /><line nr="261" mi="2" ci="0" /><line nr="263" mi="1" ci="0" /><line nr="264" mi="1" ci="0" /><line nr="265" mi="1" ci="0" /><line nr="266" mi="2" ci="0" /><line nr="269" mi="1" ci="0" /><line nr="271" mi="2" ci="0" /><line nr="276" mi="1" ci="0" /><line nr="277" mi="1" ci="0" /><line nr="279" mi="1" ci="0" /><line nr="282" mi="1" ci="0" /><line nr="286" mi="1" ci="0" /><line nr="288" mi="1" ci="0" /><line nr="289" mi="1" ci="0" /><line nr="290" mi="1" ci="0" /><line nr="291" mi="2" ci="0" /><line nr="294" mi="1" ci="0" /><line nr="297" mi="1" ci="0" /><line nr="298" mi="2" ci="0" /><line nr="300" mi="1" ci="0" /><line nr="301" mi="1" ci="0" /><line nr="302" mi="1" ci="0" /><line nr="303" mi="2" ci="0" /><line nr="306" mi="1" ci="0" /><line nr="308" mi="2" ci="0" /><line nr="311" mi="1" ci="0" /><line nr="312" mi="1" ci="0" /><line nr="318" mi="1" ci="0" /><line nr="321" mi="1" ci="0" /><line nr="325" mi="2" ci="0" /><line nr="329" mi="1" ci="0" /><line nr="334" mi="2" ci="0" /><line nr="336" mi="1" ci="0" /><line nr="342" mi="1" ci="0" /><line nr="346" mi="1" ci="0" /><line nr="347" mi="1" ci="0" /><line nr="348" mi="1" ci="0" /><line nr="349" mi="2" ci="0" /><line nr="352" mi="1" ci="0" /><line nr="357" mi="2" ci="0" /><line nr="360" mi="1" ci="0" /><counter type="INSTRUCTION" missed="171" covered="0" /><counter type="LINE" missed="138" covered="0" /><counter type="METHOD" missed="1" covered="0" /><counter type="CLASS" missed="1" covered="0" /></sourcefile><sourcefile name="Install-Lab.ps1"><line nr="44" mi="1" ci="0" /><line nr="46" mi="1" ci="0" /><line nr="48" mi="2" ci="0" /><line nr="52" mi="1" ci="0" /><line nr="53" mi="1" ci="0" /><line nr="55" mi="1" ci="0" /><line nr="58" mi="1" ci="0" /><line nr="63" mi="1" ci="0" /><line nr="67" mi="2" ci="0" /><line nr="70" mi="1" ci="0" /><line nr="75" mi="1" ci="0" /><line nr="80" mi="1" ci="0" /><line nr="82" mi="1" ci="0" /><line nr="85" mi="1" ci="0" /><line nr="95" mi="2" ci="0" /><line nr="98" mi="1" ci="0" /><line nr="100" mi="2" ci="0" /><line nr="102" mi="2" ci="0" /><line nr="105" mi="1" ci="0" /><line nr="110" mi="1" ci="0" /><line nr="112" mi="2" ci="0" /><line nr="114" mi="2" ci="0" /><line nr="117" mi="1" ci="0" /><line nr="122" mi="1" ci="0" /><line nr="124" mi="2" ci="0" /><line nr="126" mi="2" ci="0" /><line nr="129" mi="1" ci="0" /><line nr="135" mi="1" ci="0" /><line nr="140" mi="1" ci="0" /><line nr="142" mi="1" ci="0" /><line nr="148" mi="1" ci="0" /><line nr="150" mi="1" ci="0" /><line nr="156" mi="1" ci="0" /><line nr="158" mi="1" ci="0" /><line nr="164" mi="1" ci="0" /><line nr="166" mi="1" ci="0" /><line nr="172" mi="1" ci="0" /><line nr="174" mi="1" ci="0" /><line nr="180" mi="1" ci="0" /><line nr="184" mi="1" ci="0" /><line nr="189" mi="2" ci="0" /><counter type="INSTRUCTION" missed="51" covered="0" /><counter type="LINE" missed="41" covered="0" /><counter type="METHOD" missed="1" covered="0" /><counter type="CLASS" missed="1" covered="0" /></sourcefile><sourcefile name="Install-LabVm.ps1"><line nr="18" mi="1" ci="0" /><line nr="21" mi="2" ci="0" /><line nr="23" mi="2" ci="0" /><line nr="26" mi="1" ci="0" /><line nr="30" mi="1" ci="0" /><line nr="33" mi="3" ci="0" /><line nr="36" mi="1" ci="0" /><line nr="38" mi="2" ci="0" /><line nr="41" mi="1" ci="0" /><line nr="43" mi="1" ci="0" /><line nr="45" mi="2" ci="0" /><line nr="50" mi="1" ci="0" /><line nr="51" mi="1" ci="0" /><line nr="52" mi="1" ci="0" /><line nr="53" mi="2" ci="0" /><line nr="56" mi="1" ci="0" /><line nr="62" mi="1" ci="0" /><line nr="63" mi="1" ci="0" /><line nr="64" mi="1" ci="0" /><line nr="65" mi="2" ci="0" /><line nr="68" mi="1" ci="0" /><line nr="72" mi="2" ci="0" /><line nr="75" mi="1" ci="0" /><line nr="81" mi="1" ci="0" /><line nr="86" mi="1" ci="0" /><counter type="INSTRUCTION" missed="34" covered="0" /><counter type="LINE" missed="25" covered="0" /><counter type="METHOD" missed="1" covered="0" /><counter type="CLASS" missed="1" covered="0" /></sourcefile><sourcefile name="New-Lab.ps1"><line nr="53" mi="1" ci="0" /><line nr="55" mi="1" ci="0" /><line nr="61" mi="1" ci="0" /><line nr="64" mi="1" ci="0" /><line nr="65" mi="1" ci="0" /><line nr="73" mi="2" ci="0" /><line nr="76" mi="1" ci="0" /><line nr="82" mi="1" ci="0" /><line nr="84" mi="1" ci="0" /><line nr="90" mi="1" ci="0" /><line nr="93" mi="1" ci="0" /><line nr="94" mi="1" ci="0" /><line nr="102" mi="1" ci="0" /><line nr="106" mi="1" ci="0" /><line nr="107" mi="1" ci="0" /><line nr="108" mi="1" ci="0" /><line nr="111" mi="1" ci="0" /><line nr="112" mi="1" ci="0" /><line nr="113" mi="1" ci="0" /><line nr="114" mi="1" ci="0" /><line nr="116" mi="1" ci="0" /><line nr="118" mi="1" ci="0" /><line nr="120" mi="1" ci="0" /><line nr="122" mi="1" ci="0" /><line nr="124" mi="1" ci="0" /><line nr="126" mi="1" ci="0" /><line nr="128" mi="1" ci="0" /><line nr="132" mi="1" ci="0" /><line nr="135" mi="1" ci="0" /><line nr="136" mi="1" ci="0" /><line nr="141" mi="1" ci="0" /><line nr="142" mi="1" ci="0" /><line nr="147" mi="1" ci="0" /><line nr="154" mi="2" ci="0" /><counter type="INSTRUCTION" missed="36" covered="0" /><counter type="LINE" missed="34" covered="0" /><counter type="METHOD" missed="1" covered="0" /><counter type="CLASS" missed="1" covered="0" /></sourcefile><sourcefile name="Remove-LabSwitch.ps1"><line nr="29" mi="1" ci="0" /><line nr="32" mi="1" ci="0" /><line nr="34" mi="1" ci="0" /><line nr="39" mi="1" ci="0" /><line nr="41" mi="2" ci="0" /><line nr="47" mi="2" ci="0" /><line nr="49" mi="1" ci="0" /><line nr="51" mi="1" ci="0" /><line nr="53" mi="1" ci="0" /><line nr="55" mi="1" ci="0" /><line nr="56" mi="1" ci="0" /><line nr="57" mi="1" ci="0" /><line nr="58" mi="2" ci="0" /><line nr="60" mi="1" ci="0" /><line nr="63" mi="1" ci="0" /><line nr="65" mi="2" ci="0" /><line nr="68" mi="1" ci="0" /><line nr="72" mi="1" ci="0" /><line nr="74" mi="1" ci="0" /><line nr="75" mi="1" ci="0" /><line nr="83" mi="1" ci="0" /><line nr="85" mi="1" ci="0" /><line nr="93" mi="1" ci="0" /><line nr="100" mi="1" ci="0" /><line nr="102" mi="1" ci="0" /><line nr="103" mi="1" ci="0" /><line nr="111" mi="1" ci="0" /><line nr="118" mi="1" ci="0" /><line nr="120" mi="1" ci="0" /><line nr="127" mi="1" ci="0" /><line nr="128" mi="1" ci="0" /><line nr="129" mi="1" ci="0" /><line nr="130" mi="2" ci="0" /><line nr="133" mi="1" ci="0" /><counter type="INSTRUCTION" missed="39" covered="0" /><counter type="LINE" missed="34" covered="0" /><counter type="METHOD" missed="1" covered="0" /><counter type="CLASS" missed="1" covered="0" /></sourcefile><sourcefile name="Remove-LabVm.ps1"><line nr="27" mi="1" ci="0" /><line nr="29" mi="1" ci="0" /><line nr="30" mi="1" ci="0" /><line nr="34" mi="1" ci="0" /><line nr="37" mi="1" ci="0" /><line nr="39" mi="1" ci="0" /><line nr="41" mi="2" ci="0" /><line nr="47" mi="3" ci="0" /><line nr="50" mi="2" ci="0" /><line nr="52" mi="2" ci="0" /><line nr="55" mi="1" ci="0" /><line nr="58" mi="1" ci="0" /><line nr="62" mi="2" ci="0" /><line nr="66" mi="1" ci="0" /><line nr="67" mi="1" ci="0" /><line nr="69" mi="2" ci="0" /><line nr="74" mi="2" ci="0" /><line nr="79" mi="1" ci="0" /><line nr="81" mi="1" ci="0" /><line nr="83" mi="2" ci="0" /><line nr="86" mi="1" ci="0" /><counter type="INSTRUCTION" missed="30" covered="0" /><counter type="LINE" missed="21" covered="0" /><counter type="METHOD" missed="1" covered="0" /><counter type="CLASS" missed="1" covered="0" /></sourcefile><sourcefile name="Remove-LabVMTemplate.ps1"><line nr="23" mi="1" ci="0" /><line nr="25" mi="1" ci="0" /><line nr="28" mi="1" ci="0" /><line nr="30" mi="2" ci="0" /><line nr="36" mi="1" ci="0" /><line nr="38" mi="1" ci="0" /><line nr="42" mi="2" ci="0" /><line nr="44" mi="1" ci="0" /><counter type="INSTRUCTION" missed="10" covered="0" /><counter type="LINE" missed="8" covered="0" /><counter type="METHOD" missed="1" covered="0" /><counter type="CLASS" missed="1" covered="0" /></sourcefile><sourcefile name="Remove-LabVmTemplateVhd.ps1"><line nr="22" mi="1" ci="0" /><line nr="24" mi="1" ci="0" /><line nr="29" mi="1" ci="0" /><line nr="34" mi="1" ci="0" /><line nr="36" mi="1" ci="0" /><line nr="38" mi="1" ci="0" /><line nr="39" mi="2" ci="0" /><line nr="45" mi="1" ci="0" /><line nr="47" mi="2" ci="0" /><line nr="49" mi="1" ci="0" /><line nr="52" mi="2" ci="0" /><counter type="INSTRUCTION" missed="14" covered="0" /><counter type="LINE" missed="11" covered="0" /><counter type="METHOD" missed="1" covered="0" /><counter type="CLASS" missed="1" covered="0" /></sourcefile><sourcefile name="Start-Lab.ps1"><line nr="35" mi="1" ci="0" /><line nr="37" mi="1" ci="0" /><line nr="40" mi="1" ci="0" /><line nr="47" mi="1" ci="0" /><line nr="51" mi="3" ci="0" /><line nr="52" mi="3" ci="0" /><line nr="53" mi="4" ci="0" /><line nr="56" mi="1" ci="0" /><line nr="59" mi="2" ci="0" /><line nr="63" mi="5" ci="0" /><line nr="65" mi="1" ci="0" /><line nr="66" mi="1" ci="0" /><line nr="67" mi="1" ci="0" /><line nr="68" mi="1" ci="0" /><line nr="69" mi="1" ci="0" /><line nr="75" mi="1" ci="0" /><line nr="76" mi="2" ci="0" /><line nr="79" mi="1" ci="0" /><line nr="80" mi="1" ci="0" /><line nr="83" mi="1" ci="0" /><line nr="87" mi="1" ci="0" /><line nr="90" mi="1" ci="0" /><line nr="92" mi="2" ci="0" /><line nr="93" mi="1" ci="0" /><line nr="100" mi="1" ci="0" /><line nr="105" mi="2" ci="0" /><line nr="108" mi="1" ci="0" /><line nr="114" mi="1" ci="0" /><line nr="115" mi="1" ci="0" /><line nr="116" mi="1" ci="0" /><line nr="117" mi="2" ci="0" /><line nr="121" mi="1" ci="0" /><line nr="124" mi="1" ci="0" /><line nr="126" mi="1" ci="0" /><line nr="132" mi="1" ci="0" /><line nr="139" mi="2" ci="0" /><line nr="140" mi="1" ci="0" /><line nr="144" mi="1" ci="0" /><line nr="148" mi="1" ci="0" /><line nr="153" mi="2" ci="0" /><line nr="156" mi="1" ci="0" /><line nr="157" mi="1" ci="0" /><line nr="158" mi="1" ci="0" /><line nr="159" mi="2" ci="0" /><line nr="163" mi="1" ci="0" /><line nr="167" mi="2" ci="0" /><counter type="INSTRUCTION" missed="66" covered="0" /><counter type="LINE" missed="46" covered="0" /><counter type="METHOD" missed="1" covered="0" /><counter type="CLASS" missed="1" covered="0" /></sourcefile><sourcefile name="Stop-Lab.ps1"><line nr="31" mi="1" ci="0" /><line nr="34" mi="1" ci="0" /><line nr="42" mi="1" ci="0" /><line nr="46" mi="3" ci="0" /><line nr="47" mi="3" ci="0" /><line nr="48" mi="4" ci="0" /><line nr="51" mi="1" ci="0" /><line nr="54" mi="2" ci="0" /><line nr="58" mi="2" ci="0" /><line nr="59" mi="3" ci="0" /><line nr="61" mi="1" ci="0" /><line nr="62" mi="1" ci="0" /><line nr="63" mi="1" ci="0" /><line nr="64" mi="1" ci="0" /><line nr="67" mi="1" ci="0" /><line nr="70" mi="1" ci="0" /><line nr="71" mi="1" ci="0" /><line nr="74" mi="1" ci="0" /><line nr="78" mi="1" ci="0" /><line nr="81" mi="1" ci="0" /><line nr="82" mi="1" ci="0" /><line nr="83" mi="1" ci="0" /><line nr="84" mi="2" ci="0" /><line nr="88" mi="1" ci="0" /><line nr="92" mi="1" ci="0" /><line nr="94" mi="2" ci="0" /><line nr="96" mi="1" ci="0" /><line nr="103" mi="2" ci="0" /><line nr="106" mi="1" ci="0" /><line nr="109" mi="1" ci="0" /><line nr="111" mi="1" ci="0" /><line nr="117" mi="1" ci="0" /><line nr="124" mi="2" ci="0" /><line nr="126" mi="1" ci="0" /><line nr="130" mi="1" ci="0" /><line nr="134" mi="1" ci="0" /><line nr="139" mi="2" ci="0" /><counter type="INSTRUCTION" missed="53" covered="0" /><counter type="LINE" missed="37" covered="0" /><counter type="METHOD" missed="1" covered="0" /><counter type="CLASS" missed="1" covered="0" /></sourcefile><sourcefile name="Uninstall-Lab.ps1"><line nr="53" mi="1" ci="0" /><line nr="54" mi="1" ci="0" /><line nr="55" mi="1" ci="0" /><line nr="56" mi="1" ci="0" /><line nr="57" mi="1" ci="0" /><line nr="59" mi="1" ci="0" /><line nr="62" mi="1" ci="0" /><line nr="69" mi="1" ci="0" /><line nr="70" mi="1" ci="0" /><line nr="74" mi="1" ci="0" /><line nr="75" mi="1" ci="0" /><line nr="77" mi="2" ci="0" /><line nr="79" mi="1" ci="0" /><line nr="84" mi="1" ci="0" /><line nr="86" mi="1" ci="0" /><line nr="87" mi="1" ci="0" /><line nr="90" mi="1" ci="0" /><line nr="96" mi="1" ci="0" /><line nr="98" mi="1" ci="0" /><line nr="99" mi="1" ci="0" /><line nr="102" mi="1" ci="0" /><line nr="108" mi="1" ci="0" /><line nr="110" mi="1" ci="0" /><line nr="111" mi="1" ci="0" /><line nr="114" mi="1" ci="0" /><line nr="120" mi="1" ci="0" /><line nr="122" mi="1" ci="0" /><line nr="124" mi="1" ci="0" /><line nr="125" mi="1" ci="0" /><line nr="128" mi="1" ci="0" /><line nr="137" mi="1" ci="0" /><line nr="139" mi="3" ci="0" /><line nr="141" mi="1" ci="0" /><line nr="144" mi="2" ci="0" /><line nr="148" mi="2" ci="0" /><counter type="INSTRUCTION" missed="40" covered="0" /><counter type="LINE" missed="35" covered="0" /><counter type="METHOD" missed="1" covered="0" /><counter type="CLASS" missed="1" covered="0" /></sourcefile><sourcefile name="Update-Lab.ps1"><line nr="30" mi="1" ci="0" /><line nr="33" mi="1" ci="0" /><line nr="40" mi="1" ci="0" /><line nr="43" mi="2" ci="0" /><counter type="INSTRUCTION" missed="5" covered="0" /><counter type="LINE" missed="4" covered="0" /><counter type="METHOD" missed="1" covered="0" /><counter type="CLASS" missed="1" covered="0" /></sourcefile><counter type="INSTRUCTION" missed="1972" covered="40" /><counter type="LINE" missed="1603" covered="38" /><counter type="METHOD" missed="27" covered="1" /><counter type="CLASS" missed="27" covered="1" /></package><counter type="INSTRUCTION" missed="3329" covered="247" /><counter type="LINE" missed="2684" covered="210" /><counter type="METHOD" missed="56" covered="16" /><counter type="CLASS" missed="55" covered="16" /></report>
